
*************************************************************
 Geant4 version Name: geant4-10-01-patch-01 [MT]   (27-March-2015)
  << in Multi-threaded mode >> 
                      Copyright : Geant4 Collaboration
                      Reference : NIM A 506 (2003), 250-303
                            WWW : http://cern.ch/geant4
*************************************************************

<<< Geant4 Physics List simulation engine: FTFP_BERT 2.0


***** Table : Nb of materials = 4 *****

 Material:    G4_Cu    density:  8.960 g/cm3   RadL:   1.436 cm   Nucl.Int.Length:  15.576 cm 
                       Imean: 322.000 eV 

   --->  Element: Cu (Cu)   Z = 29.0   N =  63.6   A =  63.55 g/mole
         --->  Isotope:  Cu63   Z = 29   N =  63   A =  62.93 g/mole   abundance:  69.17 %
         --->  Isotope:  Cu65   Z = 29   N =  65   A =  64.93 g/mole   abundance:  30.83 %
          ElmMassFraction: 100.00 %  ElmAbundance 100.00 % 


 Material:   G4_AIR    density:  1.205 mg/cm3  RadL: 303.921 m    Nucl.Int.Length: 710.137 m  
                       Imean:  85.700 eV   temperature: 293.15 K  pressure:   1.00 atm

   --->  Element: C (C)   Z =  6.0   N =  12.0   A =  12.01 g/mole
         --->  Isotope:   C12   Z =  6   N =  12   A =  12.00 g/mole   abundance:  98.93 %
         --->  Isotope:   C13   Z =  6   N =  13   A =  13.00 g/mole   abundance:   1.07 %
          ElmMassFraction:   0.01 %  ElmAbundance   0.02 % 

   --->  Element: N (N)   Z =  7.0   N =  14.0   A =  14.01 g/mole
         --->  Isotope:   N14   Z =  7   N =  14   A =  14.00 g/mole   abundance:  99.63 %
         --->  Isotope:   N15   Z =  7   N =  15   A =  15.00 g/mole   abundance:   0.37 %
          ElmMassFraction:  75.53 %  ElmAbundance  78.44 % 

   --->  Element: O (O)   Z =  8.0   N =  16.0   A =  16.00 g/mole
         --->  Isotope:   O16   Z =  8   N =  16   A =  15.99 g/mole   abundance:  99.76 %
         --->  Isotope:   O17   Z =  8   N =  17   A =  17.00 g/mole   abundance:   0.04 %
         --->  Isotope:   O18   Z =  8   N =  18   A =  18.00 g/mole   abundance:   0.20 %
          ElmMassFraction:  23.18 %  ElmAbundance  21.07 % 

   --->  Element: Ar (Ar)   Z = 18.0   N =  40.0   A =  39.95 g/mole
         --->  Isotope:  Ar36   Z = 18   N =  36   A =  35.97 g/mole   abundance:   0.34 %
         --->  Isotope:  Ar38   Z = 18   N =  38   A =  37.96 g/mole   abundance:   0.06 %
         --->  Isotope:  Ar40   Z = 18   N =  40   A =  39.96 g/mole   abundance:  99.60 %
          ElmMassFraction:   1.28 %  ElmAbundance   0.47 % 


 Material:   Vacuum    density:  0.000 kg/m3   RadL: 204727512.315 pc   Nucl.Int.Length: 113427275.267 pc 
                       Imean:  19.200 eV   temperature:   0.10 K  pressure:   0.00 atm

   --->  Element: H (H)   Z =  1.0   N =   1.0   A =   1.01 g/mole
         --->  Isotope:    H1   Z =  1   N =   1   A =   1.01 g/mole   abundance:  99.99 %
         --->  Isotope:    H2   Z =  1   N =   2   A =   2.01 g/mole   abundance:   0.01 %
          ElmMassFraction: 100.00 %  ElmAbundance 100.00 % 


 Material:   Kapton    density:  1.420 g/cm3   RadL:  28.805 cm   Nucl.Int.Length:  55.587 cm 
                       Imean:  77.223 eV 

   --->  Element: Hydrogen (H2)   Z =  1.0   N =   1.0   A =   1.01 g/mole
         --->  Isotope:   H21   Z =  1   N =   1   A =   1.01 g/mole   abundance:  99.99 %
         --->  Isotope:   H22   Z =  1   N =   2   A =   2.01 g/mole   abundance:   0.01 %
          ElmMassFraction:   2.73 %  ElmAbundance  26.12 % 

   --->  Element: Carbon (C)   Z =  6.0   N =  12.0   A =  12.01 g/mole
         --->  Isotope:   C12   Z =  6   N =  12   A =  12.00 g/mole   abundance:  98.93 %
         --->  Isotope:   C13   Z =  6   N =  13   A =  13.00 g/mole   abundance:   1.07 %
          ElmMassFraction:  72.13 %  ElmAbundance  58.04 % 

   --->  Element: Nitrogen (N2)   Z =  7.0   N =  14.0   A =  14.01 g/mole
         --->  Isotope:  N214   Z =  7   N =  14   A =  14.00 g/mole   abundance:  99.63 %
         --->  Isotope:  N215   Z =  7   N =  15   A =  15.00 g/mole   abundance:   0.37 %
          ElmMassFraction:   7.65 %  ElmAbundance   5.28 % 

   --->  Element: Oxygen (O2)   Z =  8.0   N =  16.0   A =  16.00 g/mole
         --->  Isotope:  O216   Z =  8   N =  16   A =  15.99 g/mole   abundance:  99.76 %
         --->  Isotope:  O217   Z =  8   N =  17   A =  17.00 g/mole   abundance:   0.04 %
         --->  Isotope:  O218   Z =  8   N =  18   A =  18.00 g/mole   abundance:   0.20 %
          ElmMassFraction:  17.49 %  ElmAbundance  10.56 % 



thickness is really 0.059
Checking overlaps for volume Kapton_cyl1 ... OK! 
Checking overlaps for volume Cu_cyl ... OK! 
### Adding tracking cuts for neutron  TimeCut(ns)= 10000  KinEnergyCut(MeV)= 0

phot:   for  gamma    SubType= 12  BuildTable= 0
      LambdaPrime table from 200 keV to 10 TeV in 54 bins 
      ===== EM models for the G4Region  DefaultRegionForTheWorld ======
       PhotoElectric :  Emin=        0 eV    Emax=       10 TeV   AngularGenSauterGavrila  FluoActive

compt:   for  gamma    SubType= 13  BuildTable= 1
      Lambda table from 100 eV  to 1 MeV, 7 bins per decade, spline: 1
      LambdaPrime table from 1 MeV to 10 TeV in 49 bins 
      ===== EM models for the G4Region  DefaultRegionForTheWorld ======
       Klein-Nishina :  Emin=        0 eV    Emax=       10 TeV

conv:   for  gamma    SubType= 14  BuildTable= 1
      Lambda table from 1.022 MeV to 10 TeV, 20 bins per decade, spline: 1
      ===== EM models for the G4Region  DefaultRegionForTheWorld ======
        BetheHeitler :  Emin=        0 eV    Emax=       80 GeV
     BetheHeitlerLPM :  Emin=       80 GeV   Emax=       10 TeV

msc:   for e-    SubType= 10
      RangeFactor= 0.04, stepLimitType: 1, latDisplacement: 1
      ===== EM models for the G4Region  DefaultRegionForTheWorld ======
            UrbanMsc :  Emin=        0 eV    Emax=      100 MeV  Table with 42 bins Emin=    100 eV    Emax=    100 MeV
        WentzelVIUni :  Emin=      100 MeV   Emax=       10 TeV  Table with 35 bins Emin=    100 MeV   Emax=     10 TeV

eIoni:   for  e-    SubType= 2
      dE/dx and range tables from 100 eV  to 10 TeV in 77 bins
      Lambda tables from threshold to 10 TeV, 7 bins per decade, spline: 1
      finalRange(mm)= 1, dRoverRange= 0.2, integral: 1, fluct: 1, linLossLimit= 0.01
      ===== EM models for the G4Region  DefaultRegionForTheWorld ======
        MollerBhabha :  Emin=        0 eV    Emax=       10 TeV

eBrem:   for  e-    SubType= 3
      dE/dx and range tables from 100 eV  to 10 TeV in 77 bins
      Lambda tables from threshold to 10 TeV, 7 bins per decade, spline: 1
      LPM flag: 1 for E > 1 GeV
      ===== EM models for the G4Region  DefaultRegionForTheWorld ======
             eBremSB :  Emin=        0 eV    Emax=        1 GeV   DipBustGen
            eBremLPM :  Emin=        1 GeV   Emax=       10 TeV   DipBustGen

CoulombScat:   for  e-, integral: 1     SubType= 1  BuildTable= 1
      Lambda table from 100 MeV to 10 TeV, 7 bins per decade, spline: 1
      180 < Theta(degree) < 180; pLimit(GeV^1)= 0.139531
      ===== EM models for the G4Region  DefaultRegionForTheWorld ======
  eCoulombScattering :  Emin=      100 MeV   Emax=       10 TeV

msc:   for e+    SubType= 10
      RangeFactor= 0.04, stepLimitType: 1, latDisplacement: 1
      ===== EM models for the G4Region  DefaultRegionForTheWorld ======
            UrbanMsc :  Emin=        0 eV    Emax=      100 MeV  Table with 42 bins Emin=    100 eV    Emax=    100 MeV
        WentzelVIUni :  Emin=      100 MeV   Emax=       10 TeV  Table with 35 bins Emin=    100 MeV   Emax=     10 TeV

eIoni:   for  e+    SubType= 2
      dE/dx and range tables from 100 eV  to 10 TeV in 77 bins
      Lambda tables from threshold to 10 TeV, 7 bins per decade, spline: 1
      finalRange(mm)= 1, dRoverRange= 0.2, integral: 1, fluct: 1, linLossLimit= 0.01
      ===== EM models for the G4Region  DefaultRegionForTheWorld ======
        MollerBhabha :  Emin=        0 eV    Emax=       10 TeV

eBrem:   for  e+    SubType= 3
      dE/dx and range tables from 100 eV  to 10 TeV in 77 bins
      Lambda tables from threshold to 10 TeV, 7 bins per decade, spline: 1
      LPM flag: 1 for E > 1 GeV
      ===== EM models for the G4Region  DefaultRegionForTheWorld ======
             eBremSB :  Emin=        0 eV    Emax=        1 GeV   DipBustGen
            eBremLPM :  Emin=        1 GeV   Emax=       10 TeV   DipBustGen

annihil:   for  e+, integral: 1     SubType= 5  BuildTable= 0
      ===== EM models for the G4Region  DefaultRegionForTheWorld ======
            eplus2gg :  Emin=        0 eV    Emax=       10 TeV

CoulombScat:   for  e+, integral: 1     SubType= 1  BuildTable= 1
      Lambda table from 100 MeV to 10 TeV, 7 bins per decade, spline: 1
      180 < Theta(degree) < 180; pLimit(GeV^1)= 0.139531
      ===== EM models for the G4Region  DefaultRegionForTheWorld ======
  eCoulombScattering :  Emin=      100 MeV   Emax=       10 TeV

msc:   for proton    SubType= 10
      RangeFactor= 0.2, step limit type: 0, lateralDisplacement: 1, polarAngleLimit(deg)= 180
      ===== EM models for the G4Region  DefaultRegionForTheWorld ======
        WentzelVIUni :  Emin=        0 eV    Emax=       10 TeV  Table with 77 bins Emin=    100 eV    Emax=     10 TeV

hIoni:   for  proton    SubType= 2
      dE/dx and range tables from 100 eV  to 10 TeV in 77 bins
      Lambda tables from threshold to 10 TeV, 7 bins per decade, spline: 1
      finalRange(mm)= 0.1, dRoverRange= 0.2, integral: 1, fluct: 1, linLossLimit= 0.01
      ===== EM models for the G4Region  DefaultRegionForTheWorld ======
               Bragg :  Emin=        0 eV    Emax=        2 MeV
          BetheBloch :  Emin=        2 MeV   Emax=       10 TeV

hBrems:   for  proton    SubType= 3
      dE/dx and range tables from 100 eV  to 10 TeV in 77 bins
      Lambda tables from threshold to 10 TeV, 7 bins per decade, spline: 1
      ===== EM models for the G4Region  DefaultRegionForTheWorld ======
               hBrem :  Emin=        0 eV    Emax=       10 TeV

hPairProd:   for  proton    SubType= 4
      dE/dx and range tables from 100 eV  to 10 TeV in 77 bins
      Lambda tables from threshold to 10 TeV, 7 bins per decade, spline: 1
      Sampling table 13x1001; from 7.50618 GeV to 10 TeV 
      ===== EM models for the G4Region  DefaultRegionForTheWorld ======
           hPairProd :  Emin=        0 eV    Emax=       10 TeV

CoulombScat:   for  proton, integral: 1     SubType= 1  BuildTable= 1
      Used Lambda table of anti_proton
      180 < Theta(degree) < 180; pLimit(GeV^1)= 0.139531
      ===== EM models for the G4Region  DefaultRegionForTheWorld ======
  eCoulombScattering :  Emin=        0 eV    Emax=       10 TeV

msc:   for GenericIon    SubType= 10
      RangeFactor= 0.2, stepLimitType: 0, latDisplacement: 0
      ===== EM models for the G4Region  DefaultRegionForTheWorld ======
            UrbanMsc :  Emin=        0 eV    Emax=       10 TeV

ionIoni:   for  GenericIon    SubType= 2
      dE/dx and range tables from 100 eV  to 10 TeV in 77 bins
      Lambda tables from threshold to 10 TeV, 7 bins per decade, spline: 1
      finalRange(mm)= 0.01, dRoverRange= 0.1, integral: 1, fluct: 1, linLossLimit= 0.02
      Stopping Power data for 17 ion/material pairs 
      ===== EM models for the G4Region  DefaultRegionForTheWorld ======
            BraggIon :  Emin=        0 eV    Emax=        2 MeV
          BetheBloch :  Emin=        2 MeV   Emax=       10 TeV

msc:   for alpha    SubType= 10
      RangeFactor= 0.2, stepLimitType: 0, latDisplacement: 0
      ===== EM models for the G4Region  DefaultRegionForTheWorld ======
            UrbanMsc :  Emin=        0 eV    Emax=       10 TeV  Table with 77 bins Emin=    100 eV    Emax=     10 TeV

ionIoni:   for  alpha    SubType= 2
      dE/dx and range tables from 100 eV  to 10 TeV in 77 bins
      Lambda tables from threshold to 10 TeV, 7 bins per decade, spline: 1
      finalRange(mm)= 0.01, dRoverRange= 0.1, integral: 1, fluct: 1, linLossLimit= 0.02
      ===== EM models for the G4Region  DefaultRegionForTheWorld ======
            BraggIon :  Emin=        0 eV    Emax=   7.9452 MeV
          BetheBloch :  Emin=   7.9452 MeV   Emax=       10 TeV

msc:   for anti_proton    SubType= 10
      RangeFactor= 0.2, step limit type: 0, lateralDisplacement: 1, polarAngleLimit(deg)= 180
      ===== EM models for the G4Region  DefaultRegionForTheWorld ======
        WentzelVIUni :  Emin=        0 eV    Emax=       10 TeV  Table with 77 bins Emin=    100 eV    Emax=     10 TeV

hIoni:   for  anti_proton    SubType= 2
      dE/dx and range tables from 100 eV  to 10 TeV in 77 bins
      Lambda tables from threshold to 10 TeV, 7 bins per decade, spline: 1
      finalRange(mm)= 0.1, dRoverRange= 0.2, integral: 1, fluct: 1, linLossLimit= 0.01
      ===== EM models for the G4Region  DefaultRegionForTheWorld ======
            ICRU73QO :  Emin=        0 eV    Emax=        2 MeV
          BetheBloch :  Emin=        2 MeV   Emax=       10 TeV

hBrems:   for  anti_proton    SubType= 3
      dE/dx and range tables from 100 eV  to 10 TeV in 77 bins
      Lambda tables from threshold to 10 TeV, 7 bins per decade, spline: 1
      ===== EM models for the G4Region  DefaultRegionForTheWorld ======
               hBrem :  Emin=        0 eV    Emax=       10 TeV

hPairProd:   for  anti_proton    SubType= 4
      dE/dx and range tables from 100 eV  to 10 TeV in 77 bins
      Lambda tables from threshold to 10 TeV, 7 bins per decade, spline: 1
      Sampling table 13x1001; from 7.50618 GeV to 10 TeV 
      ===== EM models for the G4Region  DefaultRegionForTheWorld ======
           hPairProd :  Emin=        0 eV    Emax=       10 TeV

CoulombScat:   for  anti_proton, integral: 1     SubType= 1  BuildTable= 1
      Lambda table from threshold  to 10 TeV, 7 bins per decade, spline: 1
      180 < Theta(degree) < 180; pLimit(GeV^1)= 0.139531
      ===== EM models for the G4Region  DefaultRegionForTheWorld ======
  eCoulombScattering :  Emin=        0 eV    Emax=       10 TeV

msc:   for kaon+    SubType= 10
      RangeFactor= 0.2, step limit type: 0, lateralDisplacement: 1, polarAngleLimit(deg)= 180
      ===== EM models for the G4Region  DefaultRegionForTheWorld ======
        WentzelVIUni :  Emin=        0 eV    Emax=       10 TeV  Table with 77 bins Emin=    100 eV    Emax=     10 TeV

hIoni:   for  kaon+    SubType= 2
      dE/dx and range tables from 100 eV  to 10 TeV in 77 bins
      Lambda tables from threshold to 10 TeV, 7 bins per decade, spline: 1
      finalRange(mm)= 0.1, dRoverRange= 0.2, integral: 1, fluct: 1, linLossLimit= 0.01
      ===== EM models for the G4Region  DefaultRegionForTheWorld ======
               Bragg :  Emin=        0 eV    Emax=  1.05231 MeV
          BetheBloch :  Emin=  1.05231 MeV   Emax=       10 TeV

hBrems:   for  kaon+    SubType= 3
      dE/dx and range tables from 100 eV  to 10 TeV in 77 bins
      Lambda tables from threshold to 10 TeV, 7 bins per decade, spline: 1
      ===== EM models for the G4Region  DefaultRegionForTheWorld ======
               hBrem :  Emin=        0 eV    Emax=       10 TeV

hPairProd:   for  kaon+    SubType= 4
      dE/dx and range tables from 100 eV  to 10 TeV in 77 bins
      Lambda tables from threshold to 10 TeV, 7 bins per decade, spline: 1
      Sampling table 14x1001; from 3.94942 GeV to 10 TeV 
      ===== EM models for the G4Region  DefaultRegionForTheWorld ======
           hPairProd :  Emin=        0 eV    Emax=       10 TeV

CoulombScat:   for  kaon+, integral: 1     SubType= 1  BuildTable= 1
      Lambda table from threshold  to 10 TeV, 7 bins per decade, spline: 1
      180 < Theta(degree) < 180; pLimit(GeV^1)= 0.139531
      ===== EM models for the G4Region  DefaultRegionForTheWorld ======
  eCoulombScattering :  Emin=        0 eV    Emax=       10 TeV

msc:   for kaon-    SubType= 10
      RangeFactor= 0.2, step limit type: 0, lateralDisplacement: 1, polarAngleLimit(deg)= 180
      ===== EM models for the G4Region  DefaultRegionForTheWorld ======
        WentzelVIUni :  Emin=        0 eV    Emax=       10 TeV  Table with 77 bins Emin=    100 eV    Emax=     10 TeV

hIoni:   for  kaon-    SubType= 2
      dE/dx and range tables from 100 eV  to 10 TeV in 77 bins
      Lambda tables from threshold to 10 TeV, 7 bins per decade, spline: 1
      finalRange(mm)= 0.1, dRoverRange= 0.2, integral: 1, fluct: 1, linLossLimit= 0.01
      ===== EM models for the G4Region  DefaultRegionForTheWorld ======
            ICRU73QO :  Emin=        0 eV    Emax=  1.05231 MeV
          BetheBloch :  Emin=  1.05231 MeV   Emax=       10 TeV

hBrems:   for  kaon-    SubType= 3
      dE/dx and range tables from 100 eV  to 10 TeV in 77 bins
      Lambda tables from threshold to 10 TeV, 7 bins per decade, spline: 1
      ===== EM models for the G4Region  DefaultRegionForTheWorld ======
               hBrem :  Emin=        0 eV    Emax=       10 TeV

hPairProd:   for  kaon-    SubType= 4
      dE/dx and range tables from 100 eV  to 10 TeV in 77 bins
      Lambda tables from threshold to 10 TeV, 7 bins per decade, spline: 1
      Sampling table 14x1001; from 3.94942 GeV to 10 TeV 
      ===== EM models for the G4Region  DefaultRegionForTheWorld ======
           hPairProd :  Emin=        0 eV    Emax=       10 TeV

CoulombScat:   for  kaon-, integral: 1     SubType= 1  BuildTable= 1
      Used Lambda table of kaon+
      180 < Theta(degree) < 180; pLimit(GeV^1)= 0.139531
      ===== EM models for the G4Region  DefaultRegionForTheWorld ======
  eCoulombScattering :  Emin=        0 eV    Emax=       10 TeV

msc:   for mu+    SubType= 10
      RangeFactor= 0.2, step limit type: 0, lateralDisplacement: 1, polarAngleLimit(deg)= 180
      ===== EM models for the G4Region  DefaultRegionForTheWorld ======
        WentzelVIUni :  Emin=        0 eV    Emax=       10 TeV  Table with 77 bins Emin=    100 eV    Emax=     10 TeV

muIoni:   for  mu+    SubType= 2
      dE/dx and range tables from 100 eV  to 10 TeV in 77 bins
      Lambda tables from threshold to 10 TeV, 7 bins per decade, spline: 1
      finalRange(mm)= 1, dRoverRange= 0.2, integral: 1, fluct: 1, linLossLimit= 0.01
      ===== EM models for the G4Region  DefaultRegionForTheWorld ======
               Bragg :  Emin=        0 eV    Emax=      200 keV
          BetheBloch :  Emin=      200 keV   Emax=        1 GeV
        MuBetheBloch :  Emin=        1 GeV   Emax=       10 TeV

muBrems:   for  mu+    SubType= 3
      dE/dx and range tables from 100 eV  to 10 TeV in 77 bins
      Lambda tables from threshold to 10 TeV, 7 bins per decade, spline: 1
      ===== EM models for the G4Region  DefaultRegionForTheWorld ======
              MuBrem :  Emin=        0 eV    Emax=       10 TeV

muPairProd:   for  mu+    SubType= 4
      dE/dx and range tables from 100 eV  to 10 TeV in 77 bins
      Lambda tables from threshold to 10 TeV, 7 bins per decade, spline: 1
      Sampling table 17x1001; from 1 GeV to 10 TeV 
      ===== EM models for the G4Region  DefaultRegionForTheWorld ======
          muPairProd :  Emin=        0 eV    Emax=       10 TeV

CoulombScat:   for  mu+, integral: 1     SubType= 1  BuildTable= 1
      Lambda table from threshold  to 10 TeV, 7 bins per decade, spline: 1
      180 < Theta(degree) < 180; pLimit(GeV^1)= 0.139531
      ===== EM models for the G4Region  DefaultRegionForTheWorld ======
  eCoulombScattering :  Emin=        0 eV    Emax=       10 TeV

msc:   for mu-    SubType= 10
      RangeFactor= 0.2, step limit type: 0, lateralDisplacement: 1, polarAngleLimit(deg)= 180
      ===== EM models for the G4Region  DefaultRegionForTheWorld ======
        WentzelVIUni :  Emin=        0 eV    Emax=       10 TeV  Table with 77 bins Emin=    100 eV    Emax=     10 TeV

muIoni:   for  mu-    SubType= 2
      dE/dx and range tables from 100 eV  to 10 TeV in 77 bins
      Lambda tables from threshold to 10 TeV, 7 bins per decade, spline: 1
      finalRange(mm)= 1, dRoverRange= 0.2, integral: 1, fluct: 1, linLossLimit= 0.01
      ===== EM models for the G4Region  DefaultRegionForTheWorld ======
            ICRU73QO :  Emin=        0 eV    Emax=      200 keV
          BetheBloch :  Emin=      200 keV   Emax=        1 GeV
        MuBetheBloch :  Emin=        1 GeV   Emax=       10 TeV

muBrems:   for  mu-    SubType= 3
      dE/dx and range tables from 100 eV  to 10 TeV in 77 bins
      Lambda tables from threshold to 10 TeV, 7 bins per decade, spline: 1
      ===== EM models for the G4Region  DefaultRegionForTheWorld ======
              MuBrem :  Emin=        0 eV    Emax=       10 TeV

muPairProd:   for  mu-    SubType= 4
      dE/dx and range tables from 100 eV  to 10 TeV in 77 bins
      Lambda tables from threshold to 10 TeV, 7 bins per decade, spline: 1
      Sampling table 17x1001; from 1 GeV to 10 TeV 
      ===== EM models for the G4Region  DefaultRegionForTheWorld ======
          muPairProd :  Emin=        0 eV    Emax=       10 TeV

CoulombScat:   for  mu-, integral: 1     SubType= 1  BuildTable= 1
      Used Lambda table of mu+
      180 < Theta(degree) < 180; pLimit(GeV^1)= 0.139531
      ===== EM models for the G4Region  DefaultRegionForTheWorld ======
  eCoulombScattering :  Emin=        0 eV    Emax=       10 TeV

msc:   for pi+    SubType= 10
      RangeFactor= 0.2, step limit type: 0, lateralDisplacement: 1, polarAngleLimit(deg)= 180
      ===== EM models for the G4Region  DefaultRegionForTheWorld ======
        WentzelVIUni :  Emin=        0 eV    Emax=       10 TeV  Table with 77 bins Emin=    100 eV    Emax=     10 TeV

hIoni:   for  pi+    SubType= 2
      dE/dx and range tables from 100 eV  to 10 TeV in 77 bins
      Lambda tables from threshold to 10 TeV, 7 bins per decade, spline: 1
      finalRange(mm)= 0.1, dRoverRange= 0.2, integral: 1, fluct: 1, linLossLimit= 0.01
      ===== EM models for the G4Region  DefaultRegionForTheWorld ======
               Bragg :  Emin=        0 eV    Emax=  297.505 keV
          BetheBloch :  Emin=  297.505 keV   Emax=       10 TeV

hBrems:   for  pi+    SubType= 3
      dE/dx and range tables from 100 eV  to 10 TeV in 77 bins
      Lambda tables from threshold to 10 TeV, 7 bins per decade, spline: 1
      ===== EM models for the G4Region  DefaultRegionForTheWorld ======
               hBrem :  Emin=        0 eV    Emax=       10 TeV

hPairProd:   for  pi+    SubType= 4
      dE/dx and range tables from 100 eV  to 10 TeV in 77 bins
      Lambda tables from threshold to 10 TeV, 7 bins per decade, spline: 1
      Sampling table 16x1001; from 1.11656 GeV to 10 TeV 
      ===== EM models for the G4Region  DefaultRegionForTheWorld ======
           hPairProd :  Emin=        0 eV    Emax=       10 TeV

CoulombScat:   for  pi+, integral: 1     SubType= 1  BuildTable= 1
      Lambda table from threshold  to 10 TeV, 7 bins per decade, spline: 1
      180 < Theta(degree) < 180; pLimit(GeV^1)= 0.139531
      ===== EM models for the G4Region  DefaultRegionForTheWorld ======
  eCoulombScattering :  Emin=        0 eV    Emax=       10 TeV

msc:   for pi-    SubType= 10
      RangeFactor= 0.2, step limit type: 0, lateralDisplacement: 1, polarAngleLimit(deg)= 180
      ===== EM models for the G4Region  DefaultRegionForTheWorld ======
        WentzelVIUni :  Emin=        0 eV    Emax=       10 TeV  Table with 77 bins Emin=    100 eV    Emax=     10 TeV

hIoni:   for  pi-    SubType= 2
      dE/dx and range tables from 100 eV  to 10 TeV in 77 bins
      Lambda tables from threshold to 10 TeV, 7 bins per decade, spline: 1
      finalRange(mm)= 0.1, dRoverRange= 0.2, integral: 1, fluct: 1, linLossLimit= 0.01
      ===== EM models for the G4Region  DefaultRegionForTheWorld ======
            ICRU73QO :  Emin=        0 eV    Emax=  297.505 keV
          BetheBloch :  Emin=  297.505 keV   Emax=       10 TeV

hBrems:   for  pi-    SubType= 3
      dE/dx and range tables from 100 eV  to 10 TeV in 77 bins
      Lambda tables from threshold to 10 TeV, 7 bins per decade, spline: 1
      ===== EM models for the G4Region  DefaultRegionForTheWorld ======
               hBrem :  Emin=        0 eV    Emax=       10 TeV

hPairProd:   for  pi-    SubType= 4
      dE/dx and range tables from 100 eV  to 10 TeV in 77 bins
      Lambda tables from threshold to 10 TeV, 7 bins per decade, spline: 1
      Sampling table 16x1001; from 1.11656 GeV to 10 TeV 
      ===== EM models for the G4Region  DefaultRegionForTheWorld ======
           hPairProd :  Emin=        0 eV    Emax=       10 TeV

CoulombScat:   for  pi-, integral: 1     SubType= 1  BuildTable= 1
      Used Lambda table of pi+
      180 < Theta(degree) < 180; pLimit(GeV^1)= 0.139531
      ===== EM models for the G4Region  DefaultRegionForTheWorld ======
  eCoulombScattering :  Emin=        0 eV    Emax=       10 TeV

====================================================================
                  HADRONIC PROCESSES SUMMARY (verbose level 1)

---------------------------------------------------
                           Hadronic Processes for neutron

  Process: hadElastic
        Model:             hElasticCHIPS: 0 eV  ---> 100 TeV
     Cr_sctns:            GheishaElastic: 0 eV  ---> 100 TeV

  Process: neutronInelastic
        Model:                      FTFP: 4 GeV ---> 100 TeV
        Model:            BertiniCascade: 0 eV  ---> 5 GeV
     Cr_sctns:      G4NeutronInelasticXS: 0 eV  ---> 100 TeV
     Cr_sctns:       Barashenkov-Glauber: 0 eV  ---> 100 TeV
     Cr_sctns:          GheishaInelastic: 0 eV  ---> 100 TeV

  Process: nCapture
        Model:               nRadCapture: 0 eV  ---> 100 TeV
     Cr_sctns:        G4NeutronCaptureXS: 0 eV  ---> 100 TeV
     Cr_sctns:          GheishaCaptureXS: 0 eV  ---> 100 TeV

  Process: nKiller

---------------------------------------------------
                           Hadronic Processes for GenericIon

  Process: ionInelastic
        Model:  Binary Light Ion Cascade: 0 eV  ---> 4 GeV
        Model:                      FTFP: 2 GeV ---> 100 TeV
     Cr_sctns: Glauber-Gribov nucleus nucleus: 0 eV  ---> 2.88022e+295 J  
     Cr_sctns:          GheishaInelastic: 0 eV  ---> 100 TeV

---------------------------------------------------
                           Hadronic Processes for He3

  Process: He3Inelastic
        Model:  Binary Light Ion Cascade: 0 eV  ---> 4 GeV
        Model:                      FTFP: 2 GeV ---> 100 TeV
     Cr_sctns: Glauber-Gribov nucleus nucleus: 0 eV  ---> 2.88022e+295 J  
     Cr_sctns:          GheishaInelastic: 0 eV  ---> 100 TeV

---------------------------------------------------
                           Hadronic Processes for alpha

  Process: hadElastic
        Model:              hElasticLHEP: 0 eV  ---> 100 TeV
     Cr_sctns:            GheishaElastic: 0 eV  ---> 100 TeV

  Process: alphaInelastic
        Model:  Binary Light Ion Cascade: 0 eV  ---> 4 GeV
        Model:                      FTFP: 2 GeV ---> 100 TeV
     Cr_sctns: Glauber-Gribov nucleus nucleus: 0 eV  ---> 2.88022e+295 J  
     Cr_sctns:          GheishaInelastic: 0 eV  ---> 100 TeV

---------------------------------------------------
                           Hadronic Processes for anti_He3

  Process: hadElastic
        Model:              hElasticLHEP: 0 eV  ---> 100.1 MeV
        Model:              AntiAElastic: 100 MeV ---> 100 TeV
     Cr_sctns:              AntiAGlauber: 0 eV  ---> 2.88022e+295 J  
     Cr_sctns:            GheishaElastic: 0 eV  ---> 100 TeV

  Process: anti_He3Inelastic
        Model:                      FTFP: 0 eV  ---> 100 TeV
     Cr_sctns:              AntiAGlauber: 0 eV  ---> 2.88022e+295 J  
     Cr_sctns:          GheishaInelastic: 0 eV  ---> 100 TeV

  Process: hFritiofCaptureAtRest

---------------------------------------------------
                           Hadronic Processes for anti_alpha

  Process: hadElastic
        Model:              hElasticLHEP: 0 eV  ---> 100.1 MeV
        Model:              AntiAElastic: 100 MeV ---> 100 TeV
     Cr_sctns:              AntiAGlauber: 0 eV  ---> 2.88022e+295 J  
     Cr_sctns:            GheishaElastic: 0 eV  ---> 100 TeV

  Process: anti_alphaInelastic
        Model:                      FTFP: 0 eV  ---> 100 TeV
     Cr_sctns:              AntiAGlauber: 0 eV  ---> 2.88022e+295 J  
     Cr_sctns:          GheishaInelastic: 0 eV  ---> 100 TeV

  Process: hFritiofCaptureAtRest

---------------------------------------------------
                           Hadronic Processes for anti_deuteron

  Process: hadElastic
        Model:              hElasticLHEP: 0 eV  ---> 100.1 MeV
        Model:              AntiAElastic: 100 MeV ---> 100 TeV
     Cr_sctns:              AntiAGlauber: 0 eV  ---> 2.88022e+295 J  
     Cr_sctns:            GheishaElastic: 0 eV  ---> 100 TeV

  Process: anti_deuteronInelastic
        Model:                      FTFP: 0 eV  ---> 100 TeV
     Cr_sctns:              AntiAGlauber: 0 eV  ---> 2.88022e+295 J  
     Cr_sctns:          GheishaInelastic: 0 eV  ---> 100 TeV

  Process: hFritiofCaptureAtRest

---------------------------------------------------
                           Hadronic Processes for anti_neutron

  Process: hadElastic
        Model:              hElasticLHEP: 0 eV  ---> 100 TeV
     Cr_sctns:            GheishaElastic: 0 eV  ---> 100 TeV

  Process: anti_neutronInelastic
        Model:                      FTFP: 0 eV  ---> 100 TeV
     Cr_sctns:              AntiAGlauber: 0 eV  ---> 2.88022e+295 J  
     Cr_sctns:          GheishaInelastic: 0 eV  ---> 100 TeV

---------------------------------------------------
                           Hadronic Processes for anti_proton

  Process: hadElastic
        Model:              hElasticLHEP: 0 eV  ---> 100.1 MeV
        Model:              AntiAElastic: 100 MeV ---> 100 TeV
     Cr_sctns:              AntiAGlauber: 0 eV  ---> 2.88022e+295 J  
     Cr_sctns:            GheishaElastic: 0 eV  ---> 100 TeV

  Process: anti_protonInelastic
        Model:                      FTFP: 0 eV  ---> 100 TeV
     Cr_sctns:              AntiAGlauber: 0 eV  ---> 2.88022e+295 J  
     Cr_sctns:          GheishaInelastic: 0 eV  ---> 100 TeV

  Process: hFritiofCaptureAtRest

---------------------------------------------------
                           Hadronic Processes for anti_triton

  Process: hadElastic
        Model:              hElasticLHEP: 0 eV  ---> 100.1 MeV
        Model:              AntiAElastic: 100 MeV ---> 100 TeV
     Cr_sctns:              AntiAGlauber: 0 eV  ---> 2.88022e+295 J  
     Cr_sctns:            GheishaElastic: 0 eV  ---> 100 TeV

  Process: anti_tritonInelastic
        Model:                      FTFP: 0 eV  ---> 100 TeV
     Cr_sctns:              AntiAGlauber: 0 eV  ---> 2.88022e+295 J  
     Cr_sctns:          GheishaInelastic: 0 eV  ---> 100 TeV

  Process: hFritiofCaptureAtRest

---------------------------------------------------
                           Hadronic Processes for deuteron

  Process: hadElastic
        Model:              hElasticLHEP: 0 eV  ---> 100 TeV
     Cr_sctns:            GheishaElastic: 0 eV  ---> 100 TeV

  Process: dInelastic
        Model:  Binary Light Ion Cascade: 0 eV  ---> 4 GeV
        Model:                      FTFP: 2 GeV ---> 100 TeV
     Cr_sctns: Glauber-Gribov nucleus nucleus: 0 eV  ---> 2.88022e+295 J  
     Cr_sctns:          GheishaInelastic: 0 eV  ---> 100 TeV

---------------------------------------------------
                           Hadronic Processes for e+

  Process: positronNuclear
        Model:   G4ElectroVDNuclearModel: 0 eV  ---> 1 PeV
     Cr_sctns:          ElectroNuclearXS: 0 eV  ---> 100 TeV
     Cr_sctns:          GheishaInelastic: 0 eV  ---> 100 TeV

---------------------------------------------------
                           Hadronic Processes for e-

  Process: electronNuclear
        Model:   G4ElectroVDNuclearModel: 0 eV  ---> 1 PeV
     Cr_sctns:          ElectroNuclearXS: 0 eV  ---> 100 TeV
     Cr_sctns:          GheishaInelastic: 0 eV  ---> 100 TeV

---------------------------------------------------
                           Hadronic Processes for gamma

  Process: photonNuclear
        Model:            BertiniCascade: 0 eV  ---> 3.5 GeV
        Model:           TheoFSGenerator: 3 GeV ---> 100 TeV
     Cr_sctns:            PhotoNuclearXS: 0 eV  ---> 100 TeV
     Cr_sctns:          GheishaInelastic: 0 eV  ---> 100 TeV

---------------------------------------------------
                           Hadronic Processes for kaon+

  Process: hadElastic
        Model:              hElasticLHEP: 0 eV  ---> 100 TeV
     Cr_sctns:            GheishaElastic: 0 eV  ---> 100 TeV

  Process: kaon+Inelastic
        Model:                      FTFP: 4 GeV ---> 100 TeV
        Model:            BertiniCascade: 0 eV  ---> 5 GeV
     Cr_sctns:  ChipsKaonPlusInelasticXS: 0 eV  ---> 100 TeV
     Cr_sctns:          GheishaInelastic: 0 eV  ---> 100 TeV

---------------------------------------------------
                           Hadronic Processes for kaon-

  Process: hadElastic
        Model:              hElasticLHEP: 0 eV  ---> 100 TeV
     Cr_sctns:            GheishaElastic: 0 eV  ---> 100 TeV

  Process: kaon-Inelastic
        Model:                      FTFP: 4 GeV ---> 100 TeV
        Model:            BertiniCascade: 0 eV  ---> 5 GeV
     Cr_sctns: ChipsKaonMinusInelasticXS: 0 eV  ---> 100 TeV
     Cr_sctns:          GheishaInelastic: 0 eV  ---> 100 TeV

  Process: hBertiniCaptureAtRest

---------------------------------------------------
                           Hadronic Processes for lambda

  Process: hadElastic
        Model:              hElasticLHEP: 0 eV  ---> 100 TeV
     Cr_sctns:            GheishaElastic: 0 eV  ---> 100 TeV

  Process: lambdaInelastic
        Model:            BertiniCascade: 0 eV  ---> 6 GeV
        Model:                      FTFP: 2 GeV ---> 100 TeV
     Cr_sctns:   ChipsHyperonInelasticXS: 0 eV  ---> 100 TeV
     Cr_sctns:          GheishaInelastic: 0 eV  ---> 100 TeV

---------------------------------------------------
                           Hadronic Processes for mu+

  Process: muonNuclear
        Model:      G4MuonVDNuclearModel: 0 eV  ---> 1 PeV
     Cr_sctns:     KokoulinMuonNuclearXS: 0 eV  ---> 100 TeV

---------------------------------------------------
                           Hadronic Processes for mu-

  Process: muonNuclear
        Model:      G4MuonVDNuclearModel: 0 eV  ---> 1 PeV
     Cr_sctns:     KokoulinMuonNuclearXS: 0 eV  ---> 100 TeV

  Process: muMinusCaptureAtRest

---------------------------------------------------
                           Hadronic Processes for pi+

  Process: hadElastic
        Model:              hElasticLHEP: 0 eV  ---> 1.0001 GeV
        Model:           hElasticGlauber: 1 GeV ---> 100 TeV
     Cr_sctns:       Barashenkov-Glauber: 0 eV  ---> 100 TeV
     Cr_sctns:            GheishaElastic: 0 eV  ---> 100 TeV

  Process: pi+Inelastic
        Model:                      FTFP: 4 GeV ---> 100 TeV
        Model:            BertiniCascade: 0 eV  ---> 5 GeV
     Cr_sctns:      G4CrossSectionPairGG: 0 eV  ---> 100 TeV
                         G4CrossSectionPairGG: G4PiNuclearCrossSection cross sections 
                           below 91 GeV, Glauber-Gribov above 
     Cr_sctns:          GheishaInelastic: 0 eV  ---> 100 TeV

---------------------------------------------------
                           Hadronic Processes for pi-

  Process: hadElastic
        Model:              hElasticLHEP: 0 eV  ---> 1.0001 GeV
        Model:           hElasticGlauber: 1 GeV ---> 100 TeV
     Cr_sctns:       Barashenkov-Glauber: 0 eV  ---> 100 TeV
     Cr_sctns:            GheishaElastic: 0 eV  ---> 100 TeV

  Process: pi-Inelastic
        Model:                      FTFP: 4 GeV ---> 100 TeV
        Model:            BertiniCascade: 0 eV  ---> 5 GeV
     Cr_sctns:      G4CrossSectionPairGG: 0 eV  ---> 100 TeV
                         G4CrossSectionPairGG: G4PiNuclearCrossSection cross sections 
                           below 91 GeV, Glauber-Gribov above 
     Cr_sctns:          GheishaInelastic: 0 eV  ---> 100 TeV

  Process: hBertiniCaptureAtRest

---------------------------------------------------
                           Hadronic Processes for proton

  Process: hadElastic
        Model:             hElasticCHIPS: 0 eV  ---> 100 TeV
     Cr_sctns:      ChipsProtonElasticXS: 0 eV  ---> 100 TeV
     Cr_sctns:            GheishaElastic: 0 eV  ---> 100 TeV

  Process: protonInelastic
        Model:                      FTFP: 4 GeV ---> 100 TeV
        Model:            BertiniCascade: 0 eV  ---> 5 GeV
     Cr_sctns:       Barashenkov-Glauber: 0 eV  ---> 100 TeV
     Cr_sctns:          GheishaInelastic: 0 eV  ---> 100 TeV

---------------------------------------------------
                           Hadronic Processes for triton

  Process: hadElastic
        Model:              hElasticLHEP: 0 eV  ---> 100 TeV
     Cr_sctns:            GheishaElastic: 0 eV  ---> 100 TeV

  Process: tInelastic
        Model:  Binary Light Ion Cascade: 0 eV  ---> 4 GeV
        Model:                      FTFP: 2 GeV ---> 100 TeV
     Cr_sctns: Glauber-Gribov nucleus nucleus: 0 eV  ---> 2.88022e+295 J  
     Cr_sctns:          GheishaInelastic: 0 eV  ---> 100 TeV

================================================================
G4WT0 > 
G4WT0 > ^^^^^^^^^^^^^^^^^^^^^^^^^^^^^^^^^^^^^^^^^^^^^^^^^^^^^^^^^^^^^^^^^^^^^^^
G4WT0 >  Local thread RunManagerKernel version Name: geant4-10-01-patch-01 [MT]
G4WT0 > ^^^^^^^^^^^^^^^^^^^^^^^^^^^^^^^^^^^^^^^^^^^^^^^^^^^^^^^^^^^^^^^^^^^^^^^
G4WT0 > 
G4WT1 > 
G4WT1 > ^^^^^^^^^^^^^^^^^^^^^^^^^^^^^^^^^^^^^^^^^^^^^^^^^^^^^^^^^^^^^^^^^^^^^^^
G4WT1 >  Local thread RunManagerKernel version Name: geant4-10-01-patch-01 [MT]
G4WT1 > ^^^^^^^^^^^^^^^^^^^^^^^^^^^^^^^^^^^^^^^^^^^^^^^^^^^^^^^^^^^^^^^^^^^^^^^
G4WT1 > 
G4WT2 > 
G4WT2 > ^^^^^^^^^^^^^^^^^^^^^^^^^^^^^^^^^^^^^^^^^^^^^^^^^^^^^^^^^^^^^^^^^^^^^^^
G4WT2 >  Local thread RunManagerKernel version Name: geant4-10-01-patch-01 [MT]
G4WT2 > ^^^^^^^^^^^^^^^^^^^^^^^^^^^^^^^^^^^^^^^^^^^^^^^^^^^^^^^^^^^^^^^^^^^^^^^
G4WT2 > 
G4WT3 > 
G4WT3 > ^^^^^^^^^^^^^^^^^^^^^^^^^^^^^^^^^^^^^^^^^^^^^^^^^^^^^^^^^^^^^^^^^^^^^^^
G4WT3 >  Local thread RunManagerKernel version Name: geant4-10-01-patch-01 [MT]
G4WT3 > ^^^^^^^^^^^^^^^^^^^^^^^^^^^^^^^^^^^^^^^^^^^^^^^^^^^^^^^^^^^^^^^^^^^^^^^
G4WT3 > 
G4WT0 > ### Adding tracking cuts for neutron  TimeCut(ns)= 10000  KinEnergyCut(MeV)= 0
G4WT1 > ### Adding tracking cuts for neutron  TimeCut(ns)= 10000  KinEnergyCut(MeV)= 0
G4WT2 > ### Adding tracking cuts for neutron  TimeCut(ns)= 10000  KinEnergyCut(MeV)= 0
G4WT3 > ### Adding tracking cuts for neutron  TimeCut(ns)= 10000  KinEnergyCut(MeV)= 0
Visualization Manager instantiating with verbosity "warnings (3)"...
Visualization Manager initialising...
Registering graphics systems...

You have successfully registered the following graphics systems.
Current available graphics systems are:
  ASCIITree (ATree)
  DAWNFILE (DAWNFILE)
  G4HepRep (HepRepXML)
  G4HepRepFile (HepRepFile)
  OpenGLImmediateQt (OGLI, OGLIQt)
  OpenGLImmediateX (OGLIX, OGLI_FALLBACK, OGLIQt_FALLBACK)
  OpenGLStoredQt (OGL, OGLS, OGLSQt)
  OpenGLStoredX (OGLSX, OGL_FALLBACK, OGLS_FALLBACK, OGLSQt_FALLBACK)
  RayTracer (RayTracer)
  VRML1FILE (VRML1FILE)
  VRML2FILE (VRML2FILE)
  gMocrenFile (gMocrenFile)

Registering model factories...

You have successfully registered the following model factories.
Registered model factories:
  generic
  drawByCharge
  drawByParticleID
  drawByOriginVolume
  drawByAttribute

Registered filter factories:
  chargeFilter
  particleFilter
  originVolumeFilter
  attributeFilter

You have successfully registered the following user vis actions.
Run Duration User Vis Actions: none
End of Event User Vis Actions: none
End of Run User Vis Actions: none

Some /vis commands (optionally) take a string to specify colour.
Available colours:
  black, blue, brown, cyan, gray, green, grey, magenta, red, white, yellow

G4Material WARNING: duplicate name of material Vacuum
G4Material WARNING: duplicate name of material Kapton

***** Table : Nb of materials = 6 *****

 Material:    G4_Cu    density:  8.960 g/cm3   RadL:   1.436 cm   Nucl.Int.Length:  15.576 cm 
                       Imean: 322.000 eV 

   --->  Element: Cu (Cu)   Z = 29.0   N =  63.6   A =  63.55 g/mole
         --->  Isotope:  Cu63   Z = 29   N =  63   A =  62.93 g/mole   abundance:  69.17 %
         --->  Isotope:  Cu65   Z = 29   N =  65   A =  64.93 g/mole   abundance:  30.83 %
          ElmMassFraction: 100.00 %  ElmAbundance 100.00 % 


 Material:   G4_AIR    density:  1.205 mg/cm3  RadL: 303.921 m    Nucl.Int.Length: 710.137 m  
                       Imean:  85.700 eV   temperature: 293.15 K  pressure:   1.00 atm

   --->  Element: C (C)   Z =  6.0   N =  12.0   A =  12.01 g/mole
         --->  Isotope:   C12   Z =  6   N =  12   A =  12.00 g/mole   abundance:  98.93 %
         --->  Isotope:   C13   Z =  6   N =  13   A =  13.00 g/mole   abundance:   1.07 %
          ElmMassFraction:   0.01 %  ElmAbundance   0.02 % 

   --->  Element: N (N)   Z =  7.0   N =  14.0   A =  14.01 g/mole
         --->  Isotope:   N14   Z =  7   N =  14   A =  14.00 g/mole   abundance:  99.63 %
         --->  Isotope:   N15   Z =  7   N =  15   A =  15.00 g/mole   abundance:   0.37 %
          ElmMassFraction:  75.53 %  ElmAbundance  78.44 % 

   --->  Element: O (O)   Z =  8.0   N =  16.0   A =  16.00 g/mole
         --->  Isotope:   O16   Z =  8   N =  16   A =  15.99 g/mole   abundance:  99.76 %
         --->  Isotope:   O17   Z =  8   N =  17   A =  17.00 g/mole   abundance:   0.04 %
         --->  Isotope:   O18   Z =  8   N =  18   A =  18.00 g/mole   abundance:   0.20 %
          ElmMassFraction:  23.18 %  ElmAbundance  21.07 % 

   --->  Element: Ar (Ar)   Z = 18.0   N =  40.0   A =  39.95 g/mole
         --->  Isotope:  Ar36   Z = 18   N =  36   A =  35.97 g/mole   abundance:   0.34 %
         --->  Isotope:  Ar38   Z = 18   N =  38   A =  37.96 g/mole   abundance:   0.06 %
         --->  Isotope:  Ar40   Z = 18   N =  40   A =  39.96 g/mole   abundance:  99.60 %
          ElmMassFraction:   1.28 %  ElmAbundance   0.47 % 


 Material:   Vacuum    density:  0.000 kg/m3   RadL: 204727512.315 pc   Nucl.Int.Length: 113427275.267 pc 
                       Imean:  19.200 eV   temperature:   0.10 K  pressure:   0.00 atm

   --->  Element: H (H)   Z =  1.0   N =   1.0   A =   1.01 g/mole
         --->  Isotope:    H1   Z =  1   N =   1   A =   1.01 g/mole   abundance:  99.99 %
         --->  Isotope:    H2   Z =  1   N =   2   A =   2.01 g/mole   abundance:   0.01 %
          ElmMassFraction: 100.00 %  ElmAbundance 100.00 % 


 Material:   Kapton    density:  1.420 g/cm3   RadL:  28.805 cm   Nucl.Int.Length:  55.587 cm 
                       Imean:  77.223 eV 

   --->  Element: Hydrogen (H2)   Z =  1.0   N =   1.0   A =   1.01 g/mole
         --->  Isotope:   H21   Z =  1   N =   1   A =   1.01 g/mole   abundance:  99.99 %
         --->  Isotope:   H22   Z =  1   N =   2   A =   2.01 g/mole   abundance:   0.01 %
          ElmMassFraction:   2.73 %  ElmAbundance  26.12 % 

   --->  Element: Carbon (C)   Z =  6.0   N =  12.0   A =  12.01 g/mole
         --->  Isotope:   C12   Z =  6   N =  12   A =  12.00 g/mole   abundance:  98.93 %
         --->  Isotope:   C13   Z =  6   N =  13   A =  13.00 g/mole   abundance:   1.07 %
          ElmMassFraction:  72.13 %  ElmAbundance  58.04 % 

   --->  Element: Nitrogen (N2)   Z =  7.0   N =  14.0   A =  14.01 g/mole
         --->  Isotope:  N214   Z =  7   N =  14   A =  14.00 g/mole   abundance:  99.63 %
         --->  Isotope:  N215   Z =  7   N =  15   A =  15.00 g/mole   abundance:   0.37 %
          ElmMassFraction:   7.65 %  ElmAbundance   5.28 % 

   --->  Element: Oxygen (O2)   Z =  8.0   N =  16.0   A =  16.00 g/mole
         --->  Isotope:  O216   Z =  8   N =  16   A =  15.99 g/mole   abundance:  99.76 %
         --->  Isotope:  O217   Z =  8   N =  17   A =  17.00 g/mole   abundance:   0.04 %
         --->  Isotope:  O218   Z =  8   N =  18   A =  18.00 g/mole   abundance:   0.20 %
          ElmMassFraction:  17.49 %  ElmAbundance  10.56 % 


 Material:   Vacuum    density:  0.000 kg/m3   RadL: 204727512.315 pc   Nucl.Int.Length: 113427275.267 pc 
                       Imean:  19.200 eV   temperature:   0.10 K  pressure:   0.00 atm

   --->  Element: H (H)   Z =  1.0   N =   1.0   A =   1.01 g/mole
         --->  Isotope:    H1   Z =  1   N =   1   A =   1.01 g/mole   abundance:  99.99 %
         --->  Isotope:    H2   Z =  1   N =   2   A =   2.01 g/mole   abundance:   0.01 %
          ElmMassFraction: 100.00 %  ElmAbundance 100.00 % 


 Material:   Kapton    density:  1.420 g/cm3   RadL:  28.805 cm   Nucl.Int.Length:  55.587 cm 
                       Imean:  77.223 eV 

   --->  Element: Hydrogen (H2)   Z =  1.0   N =   1.0   A =   1.01 g/mole
         --->  Isotope:   H21   Z =  1   N =   1   A =   1.01 g/mole   abundance:  99.99 %
         --->  Isotope:   H22   Z =  1   N =   2   A =   2.01 g/mole   abundance:   0.01 %
          ElmMassFraction:   2.73 %  ElmAbundance  26.12 % 

   --->  Element: Carbon (C)   Z =  6.0   N =  12.0   A =  12.01 g/mole
         --->  Isotope:   C12   Z =  6   N =  12   A =  12.00 g/mole   abundance:  98.93 %
         --->  Isotope:   C13   Z =  6   N =  13   A =  13.00 g/mole   abundance:   1.07 %
          ElmMassFraction:  72.13 %  ElmAbundance  58.04 % 

   --->  Element: Nitrogen (N2)   Z =  7.0   N =  14.0   A =  14.01 g/mole
         --->  Isotope:  N214   Z =  7   N =  14   A =  14.00 g/mole   abundance:  99.63 %
         --->  Isotope:  N215   Z =  7   N =  15   A =  15.00 g/mole   abundance:   0.37 %
          ElmMassFraction:   7.65 %  ElmAbundance   5.28 % 

   --->  Element: Oxygen (O2)   Z =  8.0   N =  16.0   A =  16.00 g/mole
         --->  Isotope:  O216   Z =  8   N =  16   A =  15.99 g/mole   abundance:  99.76 %
         --->  Isotope:  O217   Z =  8   N =  17   A =  17.00 g/mole   abundance:   0.04 %
         --->  Isotope:  O218   Z =  8   N =  18   A =  18.00 g/mole   abundance:   0.20 %
          ElmMassFraction:  17.49 %  ElmAbundance  10.56 % 



thickness is really 0.059
Checking overlaps for volume Kapton_cyl1 ... OK! 
Checking overlaps for volume Cu_cyl ... OK! 

phot:   for  gamma    SubType= 12  BuildTable= 0
      LambdaPrime table from 200 keV to 10 TeV in 54 bins 
      ===== EM models for the G4Region  DefaultRegionForTheWorld ======
       PhotoElectric :  Emin=        0 eV    Emax=       10 TeV   AngularGenSauterGavrila  FluoActive

compt:   for  gamma    SubType= 13  BuildTable= 1
      Lambda table from 100 eV  to 1 MeV, 7 bins per decade, spline: 1
      LambdaPrime table from 1 MeV to 10 TeV in 49 bins 
      ===== EM models for the G4Region  DefaultRegionForTheWorld ======
       Klein-Nishina :  Emin=        0 eV    Emax=       10 TeV

conv:   for  gamma    SubType= 14  BuildTable= 1
      Lambda table from 1.022 MeV to 10 TeV, 20 bins per decade, spline: 1
      ===== EM models for the G4Region  DefaultRegionForTheWorld ======
        BetheHeitler :  Emin=        0 eV    Emax=       80 GeV
     BetheHeitlerLPM :  Emin=       80 GeV   Emax=       10 TeV

msc:   for e-    SubType= 10
      RangeFactor= 0.04, stepLimitType: 1, latDisplacement: 1
      ===== EM models for the G4Region  DefaultRegionForTheWorld ======
            UrbanMsc :  Emin=        0 eV    Emax=      100 MeV  Table with 42 bins Emin=    100 eV    Emax=    100 MeV
        WentzelVIUni :  Emin=      100 MeV   Emax=       10 TeV  Table with 35 bins Emin=    100 MeV   Emax=     10 TeV

eIoni:   for  e-    SubType= 2
      dE/dx and range tables from 100 eV  to 10 TeV in 77 bins
      Lambda tables from threshold to 10 TeV, 7 bins per decade, spline: 1
      finalRange(mm)= 1, dRoverRange= 0.2, integral: 1, fluct: 1, linLossLimit= 0.01
      ===== EM models for the G4Region  DefaultRegionForTheWorld ======
        MollerBhabha :  Emin=        0 eV    Emax=       10 TeV

eBrem:   for  e-    SubType= 3
      dE/dx and range tables from 100 eV  to 10 TeV in 77 bins
      Lambda tables from threshold to 10 TeV, 7 bins per decade, spline: 1
      LPM flag: 1 for E > 1 GeV
      ===== EM models for the G4Region  DefaultRegionForTheWorld ======
             eBremSB :  Emin=        0 eV    Emax=        1 GeV   DipBustGen
            eBremLPM :  Emin=        1 GeV   Emax=       10 TeV   DipBustGen

CoulombScat:   for  e-, integral: 1     SubType= 1  BuildTable= 1
      Lambda table from 100 MeV to 10 TeV, 7 bins per decade, spline: 1
      180 < Theta(degree) < 180; pLimit(GeV^1)= 0.139531
      ===== EM models for the G4Region  DefaultRegionForTheWorld ======
  eCoulombScattering :  Emin=      100 MeV   Emax=       10 TeV

msc:   for e+    SubType= 10
      RangeFactor= 0.04, stepLimitType: 1, latDisplacement: 1
      ===== EM models for the G4Region  DefaultRegionForTheWorld ======
            UrbanMsc :  Emin=        0 eV    Emax=      100 MeV  Table with 42 bins Emin=    100 eV    Emax=    100 MeV
        WentzelVIUni :  Emin=      100 MeV   Emax=       10 TeV  Table with 35 bins Emin=    100 MeV   Emax=     10 TeV

eIoni:   for  e+    SubType= 2
      dE/dx and range tables from 100 eV  to 10 TeV in 77 bins
      Lambda tables from threshold to 10 TeV, 7 bins per decade, spline: 1
      finalRange(mm)= 1, dRoverRange= 0.2, integral: 1, fluct: 1, linLossLimit= 0.01
      ===== EM models for the G4Region  DefaultRegionForTheWorld ======
        MollerBhabha :  Emin=        0 eV    Emax=       10 TeV

eBrem:   for  e+    SubType= 3
      dE/dx and range tables from 100 eV  to 10 TeV in 77 bins
      Lambda tables from threshold to 10 TeV, 7 bins per decade, spline: 1
      LPM flag: 1 for E > 1 GeV
      ===== EM models for the G4Region  DefaultRegionForTheWorld ======
             eBremSB :  Emin=        0 eV    Emax=        1 GeV   DipBustGen
            eBremLPM :  Emin=        1 GeV   Emax=       10 TeV   DipBustGen

annihil:   for  e+, integral: 1     SubType= 5  BuildTable= 0
      ===== EM models for the G4Region  DefaultRegionForTheWorld ======
            eplus2gg :  Emin=        0 eV    Emax=       10 TeV

CoulombScat:   for  e+, integral: 1     SubType= 1  BuildTable= 1
      Lambda table from 100 MeV to 10 TeV, 7 bins per decade, spline: 1
      180 < Theta(degree) < 180; pLimit(GeV^1)= 0.139531
      ===== EM models for the G4Region  DefaultRegionForTheWorld ======
  eCoulombScattering :  Emin=      100 MeV   Emax=       10 TeV

msc:   for proton    SubType= 10
      RangeFactor= 0.2, step limit type: 0, lateralDisplacement: 1, polarAngleLimit(deg)= 180
      ===== EM models for the G4Region  DefaultRegionForTheWorld ======
        WentzelVIUni :  Emin=        0 eV    Emax=       10 TeV  Table with 77 bins Emin=    100 eV    Emax=     10 TeV

hIoni:   for  proton    SubType= 2
      dE/dx and range tables from 100 eV  to 10 TeV in 77 bins
      Lambda tables from threshold to 10 TeV, 7 bins per decade, spline: 1
      finalRange(mm)= 0.1, dRoverRange= 0.2, integral: 1, fluct: 1, linLossLimit= 0.01
      ===== EM models for the G4Region  DefaultRegionForTheWorld ======
               Bragg :  Emin=        0 eV    Emax=        2 MeV
          BetheBloch :  Emin=        2 MeV   Emax=       10 TeV

hBrems:   for  proton    SubType= 3
      dE/dx and range tables from 100 eV  to 10 TeV in 77 bins
      Lambda tables from threshold to 10 TeV, 7 bins per decade, spline: 1
      ===== EM models for the G4Region  DefaultRegionForTheWorld ======
               hBrem :  Emin=        0 eV    Emax=       10 TeV

hPairProd:   for  proton    SubType= 4
      dE/dx and range tables from 100 eV  to 10 TeV in 77 bins
      Lambda tables from threshold to 10 TeV, 7 bins per decade, spline: 1
      Sampling table 13x1001; from 7.50618 GeV to 10 TeV 
      ===== EM models for the G4Region  DefaultRegionForTheWorld ======
           hPairProd :  Emin=        0 eV    Emax=       10 TeV

CoulombScat:   for  proton, integral: 1     SubType= 1  BuildTable= 1
      Used Lambda table of anti_proton
      180 < Theta(degree) < 180; pLimit(GeV^1)= 0.139531
      ===== EM models for the G4Region  DefaultRegionForTheWorld ======
  eCoulombScattering :  Emin=        0 eV    Emax=       10 TeV

msc:   for GenericIon    SubType= 10
      RangeFactor= 0.2, stepLimitType: 0, latDisplacement: 0
      ===== EM models for the G4Region  DefaultRegionForTheWorld ======
            UrbanMsc :  Emin=        0 eV    Emax=       10 TeV

ionIoni:   for  GenericIon    SubType= 2
      dE/dx and range tables from 100 eV  to 10 TeV in 77 bins
      Lambda tables from threshold to 10 TeV, 7 bins per decade, spline: 1
      finalRange(mm)= 0.01, dRoverRange= 0.1, integral: 1, fluct: 1, linLossLimit= 0.02
      Stopping Power data for 17 ion/material pairs 
      ===== EM models for the G4Region  DefaultRegionForTheWorld ======
            BraggIon :  Emin=        0 eV    Emax=        2 MeV
          BetheBloch :  Emin=        2 MeV   Emax=       10 TeV

msc:   for alpha    SubType= 10
      RangeFactor= 0.2, stepLimitType: 0, latDisplacement: 0
      ===== EM models for the G4Region  DefaultRegionForTheWorld ======
            UrbanMsc :  Emin=        0 eV    Emax=       10 TeV  Table with 77 bins Emin=    100 eV    Emax=     10 TeV

ionIoni:   for  alpha    SubType= 2
      dE/dx and range tables from 100 eV  to 10 TeV in 77 bins
      Lambda tables from threshold to 10 TeV, 7 bins per decade, spline: 1
      finalRange(mm)= 0.01, dRoverRange= 0.1, integral: 1, fluct: 1, linLossLimit= 0.02
      ===== EM models for the G4Region  DefaultRegionForTheWorld ======
            BraggIon :  Emin=        0 eV    Emax=   7.9452 MeV
          BetheBloch :  Emin=   7.9452 MeV   Emax=       10 TeV

msc:   for anti_proton    SubType= 10
      RangeFactor= 0.2, step limit type: 0, lateralDisplacement: 1, polarAngleLimit(deg)= 180
      ===== EM models for the G4Region  DefaultRegionForTheWorld ======
        WentzelVIUni :  Emin=        0 eV    Emax=       10 TeV  Table with 77 bins Emin=    100 eV    Emax=     10 TeV

hIoni:   for  anti_proton    SubType= 2
      dE/dx and range tables from 100 eV  to 10 TeV in 77 bins
      Lambda tables from threshold to 10 TeV, 7 bins per decade, spline: 1
      finalRange(mm)= 0.1, dRoverRange= 0.2, integral: 1, fluct: 1, linLossLimit= 0.01
      ===== EM models for the G4Region  DefaultRegionForTheWorld ======
            ICRU73QO :  Emin=        0 eV    Emax=        2 MeV
          BetheBloch :  Emin=        2 MeV   Emax=       10 TeV

hBrems:   for  anti_proton    SubType= 3
      dE/dx and range tables from 100 eV  to 10 TeV in 77 bins
      Lambda tables from threshold to 10 TeV, 7 bins per decade, spline: 1
      ===== EM models for the G4Region  DefaultRegionForTheWorld ======
               hBrem :  Emin=        0 eV    Emax=       10 TeV

hPairProd:   for  anti_proton    SubType= 4
      dE/dx and range tables from 100 eV  to 10 TeV in 77 bins
      Lambda tables from threshold to 10 TeV, 7 bins per decade, spline: 1
      Sampling table 13x1001; from 7.50618 GeV to 10 TeV 
      ===== EM models for the G4Region  DefaultRegionForTheWorld ======
           hPairProd :  Emin=        0 eV    Emax=       10 TeV

CoulombScat:   for  anti_proton, integral: 1     SubType= 1  BuildTable= 1
      Lambda table from threshold  to 10 TeV, 7 bins per decade, spline: 1
      180 < Theta(degree) < 180; pLimit(GeV^1)= 0.139531
      ===== EM models for the G4Region  DefaultRegionForTheWorld ======
  eCoulombScattering :  Emin=        0 eV    Emax=       10 TeV

msc:   for kaon+    SubType= 10
      RangeFactor= 0.2, step limit type: 0, lateralDisplacement: 1, polarAngleLimit(deg)= 180
      ===== EM models for the G4Region  DefaultRegionForTheWorld ======
        WentzelVIUni :  Emin=        0 eV    Emax=       10 TeV  Table with 77 bins Emin=    100 eV    Emax=     10 TeV

hIoni:   for  kaon+    SubType= 2
      dE/dx and range tables from 100 eV  to 10 TeV in 77 bins
      Lambda tables from threshold to 10 TeV, 7 bins per decade, spline: 1
      finalRange(mm)= 0.1, dRoverRange= 0.2, integral: 1, fluct: 1, linLossLimit= 0.01
      ===== EM models for the G4Region  DefaultRegionForTheWorld ======
               Bragg :  Emin=        0 eV    Emax=  1.05231 MeV
          BetheBloch :  Emin=  1.05231 MeV   Emax=       10 TeV

hBrems:   for  kaon+    SubType= 3
      dE/dx and range tables from 100 eV  to 10 TeV in 77 bins
      Lambda tables from threshold to 10 TeV, 7 bins per decade, spline: 1
      ===== EM models for the G4Region  DefaultRegionForTheWorld ======
               hBrem :  Emin=        0 eV    Emax=       10 TeV

hPairProd:   for  kaon+    SubType= 4
      dE/dx and range tables from 100 eV  to 10 TeV in 77 bins
      Lambda tables from threshold to 10 TeV, 7 bins per decade, spline: 1
      Sampling table 14x1001; from 3.94942 GeV to 10 TeV 
      ===== EM models for the G4Region  DefaultRegionForTheWorld ======
           hPairProd :  Emin=        0 eV    Emax=       10 TeV

CoulombScat:   for  kaon+, integral: 1     SubType= 1  BuildTable= 1
      Lambda table from threshold  to 10 TeV, 7 bins per decade, spline: 1
      180 < Theta(degree) < 180; pLimit(GeV^1)= 0.139531
      ===== EM models for the G4Region  DefaultRegionForTheWorld ======
  eCoulombScattering :  Emin=        0 eV    Emax=       10 TeV

msc:   for kaon-    SubType= 10
      RangeFactor= 0.2, step limit type: 0, lateralDisplacement: 1, polarAngleLimit(deg)= 180
      ===== EM models for the G4Region  DefaultRegionForTheWorld ======
        WentzelVIUni :  Emin=        0 eV    Emax=       10 TeV  Table with 77 bins Emin=    100 eV    Emax=     10 TeV

hIoni:   for  kaon-    SubType= 2
      dE/dx and range tables from 100 eV  to 10 TeV in 77 bins
      Lambda tables from threshold to 10 TeV, 7 bins per decade, spline: 1
      finalRange(mm)= 0.1, dRoverRange= 0.2, integral: 1, fluct: 1, linLossLimit= 0.01
      ===== EM models for the G4Region  DefaultRegionForTheWorld ======
            ICRU73QO :  Emin=        0 eV    Emax=  1.05231 MeV
          BetheBloch :  Emin=  1.05231 MeV   Emax=       10 TeV

hBrems:   for  kaon-    SubType= 3
      dE/dx and range tables from 100 eV  to 10 TeV in 77 bins
      Lambda tables from threshold to 10 TeV, 7 bins per decade, spline: 1
      ===== EM models for the G4Region  DefaultRegionForTheWorld ======
               hBrem :  Emin=        0 eV    Emax=       10 TeV

hPairProd:   for  kaon-    SubType= 4
      dE/dx and range tables from 100 eV  to 10 TeV in 77 bins
      Lambda tables from threshold to 10 TeV, 7 bins per decade, spline: 1
      Sampling table 14x1001; from 3.94942 GeV to 10 TeV 
      ===== EM models for the G4Region  DefaultRegionForTheWorld ======
           hPairProd :  Emin=        0 eV    Emax=       10 TeV

CoulombScat:   for  kaon-, integral: 1     SubType= 1  BuildTable= 1
      Used Lambda table of kaon+
      180 < Theta(degree) < 180; pLimit(GeV^1)= 0.139531
      ===== EM models for the G4Region  DefaultRegionForTheWorld ======
  eCoulombScattering :  Emin=        0 eV    Emax=       10 TeV

msc:   for mu+    SubType= 10
      RangeFactor= 0.2, step limit type: 0, lateralDisplacement: 1, polarAngleLimit(deg)= 180
      ===== EM models for the G4Region  DefaultRegionForTheWorld ======
        WentzelVIUni :  Emin=        0 eV    Emax=       10 TeV  Table with 77 bins Emin=    100 eV    Emax=     10 TeV

muIoni:   for  mu+    SubType= 2
      dE/dx and range tables from 100 eV  to 10 TeV in 77 bins
      Lambda tables from threshold to 10 TeV, 7 bins per decade, spline: 1
      finalRange(mm)= 1, dRoverRange= 0.2, integral: 1, fluct: 1, linLossLimit= 0.01
      ===== EM models for the G4Region  DefaultRegionForTheWorld ======
               Bragg :  Emin=        0 eV    Emax=      200 keV
          BetheBloch :  Emin=      200 keV   Emax=        1 GeV
        MuBetheBloch :  Emin=        1 GeV   Emax=       10 TeV

muBrems:   for  mu+    SubType= 3
      dE/dx and range tables from 100 eV  to 10 TeV in 77 bins
      Lambda tables from threshold to 10 TeV, 7 bins per decade, spline: 1
      ===== EM models for the G4Region  DefaultRegionForTheWorld ======
              MuBrem :  Emin=        0 eV    Emax=       10 TeV

muPairProd:   for  mu+    SubType= 4
      dE/dx and range tables from 100 eV  to 10 TeV in 77 bins
      Lambda tables from threshold to 10 TeV, 7 bins per decade, spline: 1
      Sampling table 17x1001; from 1 GeV to 10 TeV 
      ===== EM models for the G4Region  DefaultRegionForTheWorld ======
          muPairProd :  Emin=        0 eV    Emax=       10 TeV

CoulombScat:   for  mu+, integral: 1     SubType= 1  BuildTable= 1
      Lambda table from threshold  to 10 TeV, 7 bins per decade, spline: 1
      180 < Theta(degree) < 180; pLimit(GeV^1)= 0.139531
      ===== EM models for the G4Region  DefaultRegionForTheWorld ======
  eCoulombScattering :  Emin=        0 eV    Emax=       10 TeV

msc:   for mu-    SubType= 10
      RangeFactor= 0.2, step limit type: 0, lateralDisplacement: 1, polarAngleLimit(deg)= 180
      ===== EM models for the G4Region  DefaultRegionForTheWorld ======
        WentzelVIUni :  Emin=        0 eV    Emax=       10 TeV  Table with 77 bins Emin=    100 eV    Emax=     10 TeV

muIoni:   for  mu-    SubType= 2
      dE/dx and range tables from 100 eV  to 10 TeV in 77 bins
      Lambda tables from threshold to 10 TeV, 7 bins per decade, spline: 1
      finalRange(mm)= 1, dRoverRange= 0.2, integral: 1, fluct: 1, linLossLimit= 0.01
      ===== EM models for the G4Region  DefaultRegionForTheWorld ======
            ICRU73QO :  Emin=        0 eV    Emax=      200 keV
          BetheBloch :  Emin=      200 keV   Emax=        1 GeV
        MuBetheBloch :  Emin=        1 GeV   Emax=       10 TeV

muBrems:   for  mu-    SubType= 3
      dE/dx and range tables from 100 eV  to 10 TeV in 77 bins
      Lambda tables from threshold to 10 TeV, 7 bins per decade, spline: 1
      ===== EM models for the G4Region  DefaultRegionForTheWorld ======
              MuBrem :  Emin=        0 eV    Emax=       10 TeV

muPairProd:   for  mu-    SubType= 4
      dE/dx and range tables from 100 eV  to 10 TeV in 77 bins
      Lambda tables from threshold to 10 TeV, 7 bins per decade, spline: 1
      Sampling table 17x1001; from 1 GeV to 10 TeV 
      ===== EM models for the G4Region  DefaultRegionForTheWorld ======
          muPairProd :  Emin=        0 eV    Emax=       10 TeV

CoulombScat:   for  mu-, integral: 1     SubType= 1  BuildTable= 1
      Used Lambda table of mu+
      180 < Theta(degree) < 180; pLimit(GeV^1)= 0.139531
      ===== EM models for the G4Region  DefaultRegionForTheWorld ======
  eCoulombScattering :  Emin=        0 eV    Emax=       10 TeV

msc:   for pi+    SubType= 10
      RangeFactor= 0.2, step limit type: 0, lateralDisplacement: 1, polarAngleLimit(deg)= 180
      ===== EM models for the G4Region  DefaultRegionForTheWorld ======
        WentzelVIUni :  Emin=        0 eV    Emax=       10 TeV  Table with 77 bins Emin=    100 eV    Emax=     10 TeV

hIoni:   for  pi+    SubType= 2
      dE/dx and range tables from 100 eV  to 10 TeV in 77 bins
      Lambda tables from threshold to 10 TeV, 7 bins per decade, spline: 1
      finalRange(mm)= 0.1, dRoverRange= 0.2, integral: 1, fluct: 1, linLossLimit= 0.01
      ===== EM models for the G4Region  DefaultRegionForTheWorld ======
               Bragg :  Emin=        0 eV    Emax=  297.505 keV
          BetheBloch :  Emin=  297.505 keV   Emax=       10 TeV

hBrems:   for  pi+    SubType= 3
      dE/dx and range tables from 100 eV  to 10 TeV in 77 bins
      Lambda tables from threshold to 10 TeV, 7 bins per decade, spline: 1
      ===== EM models for the G4Region  DefaultRegionForTheWorld ======
               hBrem :  Emin=        0 eV    Emax=       10 TeV

hPairProd:   for  pi+    SubType= 4
      dE/dx and range tables from 100 eV  to 10 TeV in 77 bins
      Lambda tables from threshold to 10 TeV, 7 bins per decade, spline: 1
      Sampling table 16x1001; from 1.11656 GeV to 10 TeV 
      ===== EM models for the G4Region  DefaultRegionForTheWorld ======
           hPairProd :  Emin=        0 eV    Emax=       10 TeV

CoulombScat:   for  pi+, integral: 1     SubType= 1  BuildTable= 1
      Lambda table from threshold  to 10 TeV, 7 bins per decade, spline: 1
      180 < Theta(degree) < 180; pLimit(GeV^1)= 0.139531
      ===== EM models for the G4Region  DefaultRegionForTheWorld ======
  eCoulombScattering :  Emin=        0 eV    Emax=       10 TeV

msc:   for pi-    SubType= 10
      RangeFactor= 0.2, step limit type: 0, lateralDisplacement: 1, polarAngleLimit(deg)= 180
      ===== EM models for the G4Region  DefaultRegionForTheWorld ======
        WentzelVIUni :  Emin=        0 eV    Emax=       10 TeV  Table with 77 bins Emin=    100 eV    Emax=     10 TeV

hIoni:   for  pi-    SubType= 2
      dE/dx and range tables from 100 eV  to 10 TeV in 77 bins
      Lambda tables from threshold to 10 TeV, 7 bins per decade, spline: 1
      finalRange(mm)= 0.1, dRoverRange= 0.2, integral: 1, fluct: 1, linLossLimit= 0.01
      ===== EM models for the G4Region  DefaultRegionForTheWorld ======
            ICRU73QO :  Emin=        0 eV    Emax=  297.505 keV
          BetheBloch :  Emin=  297.505 keV   Emax=       10 TeV

hBrems:   for  pi-    SubType= 3
      dE/dx and range tables from 100 eV  to 10 TeV in 77 bins
      Lambda tables from threshold to 10 TeV, 7 bins per decade, spline: 1
      ===== EM models for the G4Region  DefaultRegionForTheWorld ======
               hBrem :  Emin=        0 eV    Emax=       10 TeV

hPairProd:   for  pi-    SubType= 4
      dE/dx and range tables from 100 eV  to 10 TeV in 77 bins
      Lambda tables from threshold to 10 TeV, 7 bins per decade, spline: 1
      Sampling table 16x1001; from 1.11656 GeV to 10 TeV 
      ===== EM models for the G4Region  DefaultRegionForTheWorld ======
           hPairProd :  Emin=        0 eV    Emax=       10 TeV

CoulombScat:   for  pi-, integral: 1     SubType= 1  BuildTable= 1
      Used Lambda table of pi+
      180 < Theta(degree) < 180; pLimit(GeV^1)= 0.139531
      ===== EM models for the G4Region  DefaultRegionForTheWorld ======
  eCoulombScattering :  Emin=        0 eV    Emax=       10 TeV
G4WT0 > Running energy #0
G4WT1 > half_KA = 50.059, percentZ = 1
G4WT1 > e- from (0,-50.0589) in Kapton_cyl1 to (0.000788382,-50.059) in Kapton_cyl1.  Charge prop is 1. Net signal is 0.00125508
G4WT2 > half_KA = 50.059, percentZ = 1
G4WT2 > e- from (2.99311e-07,-50.0552) in Kapton_cyl1 to (0.0181603,-50.059) in Kapton_cyl1.  Charge prop is 1. Net signal is 0.0636781
G4WT1 > half_KA = 50.059, percentZ = 1
G4WT1 > e- from (3.84761e-05,-50.0172) in Kapton_cyl1 to (0.0476113,-50.059) in Kapton_cyl1.  Charge prop is 1. Net signal is 0.708654
G4WT3 > half_KA = 50.059, percentZ = 1
G4WT3 > e- from (0,-50.0589) in Kapton_cyl1 to (0.000647946,-50.059) in Kapton_cyl1.  Charge prop is 1. Net signal is 0.00105775
G4WT0 > Running energy #1
G4WT1 > half_KA = 50.059, percentZ = 1
G4WT1 > e- from (1.07007e-05,-50.039) in Kapton_cyl1 to (0.00878698,-50.059) in Kapton_cyl1.  Charge prop is 1. Net signal is 0.338652
G4WT1 > half_KA = 50.059, percentZ = 1
G4WT1 > e- from (3.07361e-07,-50.0564) in Kapton_cyl1 to (0.00418106,-50.059) in Kapton_cyl1.  Charge prop is 1. Net signal is 0.0437207
G4WT0 > Running energy #2
G4WT3 > half_KA = 50.059, percentZ = 1
G4WT3 > e- from (0,-50.0577) in Kapton_cyl1 to (0.0066194,-50.059) in Kapton_cyl1.  Charge prop is 1. Net signal is 0.0225226
G4WT2 > half_KA = 50.059, percentZ = 1
G4WT2 > proton from (9.2293e-05,-49.9492) in Cu_cyl to (0.0796234,-50.059) in Kapton_cyl1.  Charge prop is 1. Net signal is -1
G4WT2 > half_KA = 50.059, percentZ = 1
G4WT2 > e- from (0,-50.0579) in Kapton_cyl1 to (0.000561044,-50.059) in Kapton_cyl1.  Charge prop is 1. Net signal is 0.0184047
G4WT2 > half_KA = 50.059, percentZ = 0
G4WT2 > proton from (30.0556,-41.4716) in Kapton_cyl1 to (30.059,-41.473) in Kapton_cyl1.  Charge prop is 1. Net signal is -0.0582799
G4WT0 > Running energy #3
G4WT3 > half_KA = 50.059, percentZ = 1
G4WT3 > e- from (0,-50.0583) in Kapton_cyl1 to (0.00126131,-50.059) in Kapton_cyl1.  Charge prop is 1. Net signal is 0.0114629
G4WT2 > half_KA = 50.059, percentZ = 1
G4WT2 > proton from (11.5875,-50.0576) in Kapton_cyl1 to (11.5877,-50.059) in Kapton_cyl1.  Charge prop is 1. Net signal is -0.0238048
G4WT0 > Running energy #4
G4WT1 > half_KA = 50.059, percentZ = 1
G4WT1 > e- from (4.36917e-07,-50.0562) in Kapton_cyl1 to (0.00334882,-50.059) in Kapton_cyl1.  Charge prop is 1. Net signal is 0.0475825
G4WT0 > Running energy #5
G4WT0 > half_KA = 50.059, percentZ = 0
G4WT0 > proton from (30.0351,-16.4856) in Kapton_cyl1 to (30.059,-16.49) in Kapton_cyl1.  Charge prop is 1. Net signal is -0.40502
G4WT3 > half_KA = 50.059, percentZ = 0
G4WT3 > proton from (30.053,-23.6386) in Kapton_cyl1 to (30.059,-23.6377) in Kapton_cyl1.  Charge prop is 1. Net signal is -0.101981
G4WT0 > Running energy #6
G4WT0 > half_KA = 50.059, percentZ = 0
G4WT0 > proton from (30.0566,-30.1871) in Kapton_cyl1 to (30.059,-30.1859) in Kapton_cyl1.  Charge prop is 1. Net signal is -0.0402623
G4WT1 > half_KA = 50.059, percentZ = 1
G4WT1 > proton from (25.5867,-50.0261) in Kapton_cyl1 to (25.5862,-50.059) in Kapton_cyl1.  Charge prop is 1. Net signal is -0.557436
G4WT3 > half_KA = 50.059, percentZ = 1
G4WT3 > e- from (0,-50.0575) in Kapton_cyl1 to (0.0114954,-50.059) in Kapton_cyl1.  Charge prop is 1. Net signal is 0.0261691
G4WT3 > half_KA = 50.059, percentZ = 0
G4WT3 > proton from (30.0469,9.23804) in Kapton_cyl1 to (30.059,9.25536) in Kapton_cyl1.  Charge prop is 1. Net signal is -0.205197
G4WT3 > half_KA = 50.059, percentZ = 1
G4WT3 > proton from (23.8073,-50.0411) in Kapton_cyl1 to (23.8295,-50.059) in Kapton_cyl1.  Charge prop is 1. Net signal is -0.302721
hadd Target file: data/rootData.root
hadd Source file 1: data/rootData_t0.root
hadd Source file 2: data/rootData_t1.root
hadd Source file 3: data/rootData_t2.root
hadd Source file 4: data/rootData_t3.root
hadd Sources and Target have different compression levels
hadd merging will be slower
hadd Target path: data/rootData.root:/
G4Material WARNING: duplicate name of material Vacuum
G4Material WARNING: duplicate name of material Kapton

***** Table : Nb of materials = 8 *****

 Material:    G4_Cu    density:  8.960 g/cm3   RadL:   1.436 cm   Nucl.Int.Length:  15.576 cm 
                       Imean: 322.000 eV 

   --->  Element: Cu (Cu)   Z = 29.0   N =  63.6   A =  63.55 g/mole
         --->  Isotope:  Cu63   Z = 29   N =  63   A =  62.93 g/mole   abundance:  69.17 %
         --->  Isotope:  Cu65   Z = 29   N =  65   A =  64.93 g/mole   abundance:  30.83 %
          ElmMassFraction: 100.00 %  ElmAbundance 100.00 % 


 Material:   G4_AIR    density:  1.205 mg/cm3  RadL: 303.921 m    Nucl.Int.Length: 710.137 m  
                       Imean:  85.700 eV   temperature: 293.15 K  pressure:   1.00 atm

   --->  Element: C (C)   Z =  6.0   N =  12.0   A =  12.01 g/mole
         --->  Isotope:   C12   Z =  6   N =  12   A =  12.00 g/mole   abundance:  98.93 %
         --->  Isotope:   C13   Z =  6   N =  13   A =  13.00 g/mole   abundance:   1.07 %
          ElmMassFraction:   0.01 %  ElmAbundance   0.02 % 

   --->  Element: N (N)   Z =  7.0   N =  14.0   A =  14.01 g/mole
         --->  Isotope:   N14   Z =  7   N =  14   A =  14.00 g/mole   abundance:  99.63 %
         --->  Isotope:   N15   Z =  7   N =  15   A =  15.00 g/mole   abundance:   0.37 %
          ElmMassFraction:  75.53 %  ElmAbundance  78.44 % 

   --->  Element: O (O)   Z =  8.0   N =  16.0   A =  16.00 g/mole
         --->  Isotope:   O16   Z =  8   N =  16   A =  15.99 g/mole   abundance:  99.76 %
         --->  Isotope:   O17   Z =  8   N =  17   A =  17.00 g/mole   abundance:   0.04 %
         --->  Isotope:   O18   Z =  8   N =  18   A =  18.00 g/mole   abundance:   0.20 %
          ElmMassFraction:  23.18 %  ElmAbundance  21.07 % 

   --->  Element: Ar (Ar)   Z = 18.0   N =  40.0   A =  39.95 g/mole
         --->  Isotope:  Ar36   Z = 18   N =  36   A =  35.97 g/mole   abundance:   0.34 %
         --->  Isotope:  Ar38   Z = 18   N =  38   A =  37.96 g/mole   abundance:   0.06 %
         --->  Isotope:  Ar40   Z = 18   N =  40   A =  39.96 g/mole   abundance:  99.60 %
          ElmMassFraction:   1.28 %  ElmAbundance   0.47 % 


 Material:   Vacuum    density:  0.000 kg/m3   RadL: 204727512.315 pc   Nucl.Int.Length: 113427275.267 pc 
                       Imean:  19.200 eV   temperature:   0.10 K  pressure:   0.00 atm

   --->  Element: H (H)   Z =  1.0   N =   1.0   A =   1.01 g/mole
         --->  Isotope:    H1   Z =  1   N =   1   A =   1.01 g/mole   abundance:  99.99 %
         --->  Isotope:    H2   Z =  1   N =   2   A =   2.01 g/mole   abundance:   0.01 %
          ElmMassFraction: 100.00 %  ElmAbundance 100.00 % 


 Material:   Kapton    density:  1.420 g/cm3   RadL:  28.805 cm   Nucl.Int.Length:  55.587 cm 
                       Imean:  77.223 eV 

   --->  Element: Hydrogen (H2)   Z =  1.0   N =   1.0   A =   1.01 g/mole
         --->  Isotope:   H21   Z =  1   N =   1   A =   1.01 g/mole   abundance:  99.99 %
         --->  Isotope:   H22   Z =  1   N =   2   A =   2.01 g/mole   abundance:   0.01 %
          ElmMassFraction:   2.73 %  ElmAbundance  26.12 % 

   --->  Element: Carbon (C)   Z =  6.0   N =  12.0   A =  12.01 g/mole
         --->  Isotope:   C12   Z =  6   N =  12   A =  12.00 g/mole   abundance:  98.93 %
         --->  Isotope:   C13   Z =  6   N =  13   A =  13.00 g/mole   abundance:   1.07 %
          ElmMassFraction:  72.13 %  ElmAbundance  58.04 % 

   --->  Element: Nitrogen (N2)   Z =  7.0   N =  14.0   A =  14.01 g/mole
         --->  Isotope:  N214   Z =  7   N =  14   A =  14.00 g/mole   abundance:  99.63 %
         --->  Isotope:  N215   Z =  7   N =  15   A =  15.00 g/mole   abundance:   0.37 %
          ElmMassFraction:   7.65 %  ElmAbundance   5.28 % 

   --->  Element: Oxygen (O2)   Z =  8.0   N =  16.0   A =  16.00 g/mole
         --->  Isotope:  O216   Z =  8   N =  16   A =  15.99 g/mole   abundance:  99.76 %
         --->  Isotope:  O217   Z =  8   N =  17   A =  17.00 g/mole   abundance:   0.04 %
         --->  Isotope:  O218   Z =  8   N =  18   A =  18.00 g/mole   abundance:   0.20 %
          ElmMassFraction:  17.49 %  ElmAbundance  10.56 % 


 Material:   Vacuum    density:  0.000 kg/m3   RadL: 204727512.315 pc   Nucl.Int.Length: 113427275.267 pc 
                       Imean:  19.200 eV   temperature:   0.10 K  pressure:   0.00 atm

   --->  Element: H (H)   Z =  1.0   N =   1.0   A =   1.01 g/mole
         --->  Isotope:    H1   Z =  1   N =   1   A =   1.01 g/mole   abundance:  99.99 %
         --->  Isotope:    H2   Z =  1   N =   2   A =   2.01 g/mole   abundance:   0.01 %
          ElmMassFraction: 100.00 %  ElmAbundance 100.00 % 


 Material:   Kapton    density:  1.420 g/cm3   RadL:  28.805 cm   Nucl.Int.Length:  55.587 cm 
                       Imean:  77.223 eV 

   --->  Element: Hydrogen (H2)   Z =  1.0   N =   1.0   A =   1.01 g/mole
         --->  Isotope:   H21   Z =  1   N =   1   A =   1.01 g/mole   abundance:  99.99 %
         --->  Isotope:   H22   Z =  1   N =   2   A =   2.01 g/mole   abundance:   0.01 %
          ElmMassFraction:   2.73 %  ElmAbundance  26.12 % 

   --->  Element: Carbon (C)   Z =  6.0   N =  12.0   A =  12.01 g/mole
         --->  Isotope:   C12   Z =  6   N =  12   A =  12.00 g/mole   abundance:  98.93 %
         --->  Isotope:   C13   Z =  6   N =  13   A =  13.00 g/mole   abundance:   1.07 %
          ElmMassFraction:  72.13 %  ElmAbundance  58.04 % 

   --->  Element: Nitrogen (N2)   Z =  7.0   N =  14.0   A =  14.01 g/mole
         --->  Isotope:  N214   Z =  7   N =  14   A =  14.00 g/mole   abundance:  99.63 %
         --->  Isotope:  N215   Z =  7   N =  15   A =  15.00 g/mole   abundance:   0.37 %
          ElmMassFraction:   7.65 %  ElmAbundance   5.28 % 

   --->  Element: Oxygen (O2)   Z =  8.0   N =  16.0   A =  16.00 g/mole
         --->  Isotope:  O216   Z =  8   N =  16   A =  15.99 g/mole   abundance:  99.76 %
         --->  Isotope:  O217   Z =  8   N =  17   A =  17.00 g/mole   abundance:   0.04 %
         --->  Isotope:  O218   Z =  8   N =  18   A =  18.00 g/mole   abundance:   0.20 %
          ElmMassFraction:  17.49 %  ElmAbundance  10.56 % 


 Material:   Vacuum    density:  0.000 kg/m3   RadL: 204727512.315 pc   Nucl.Int.Length: 113427275.267 pc 
                       Imean:  19.200 eV   temperature:   0.10 K  pressure:   0.00 atm

   --->  Element: H (H)   Z =  1.0   N =   1.0   A =   1.01 g/mole
         --->  Isotope:    H1   Z =  1   N =   1   A =   1.01 g/mole   abundance:  99.99 %
         --->  Isotope:    H2   Z =  1   N =   2   A =   2.01 g/mole   abundance:   0.01 %
          ElmMassFraction: 100.00 %  ElmAbundance 100.00 % 


 Material:   Kapton    density:  1.420 g/cm3   RadL:  28.805 cm   Nucl.Int.Length:  55.587 cm 
                       Imean:  77.223 eV 

   --->  Element: Hydrogen (H2)   Z =  1.0   N =   1.0   A =   1.01 g/mole
         --->  Isotope:   H21   Z =  1   N =   1   A =   1.01 g/mole   abundance:  99.99 %
         --->  Isotope:   H22   Z =  1   N =   2   A =   2.01 g/mole   abundance:   0.01 %
          ElmMassFraction:   2.73 %  ElmAbundance  26.12 % 

   --->  Element: Carbon (C)   Z =  6.0   N =  12.0   A =  12.01 g/mole
         --->  Isotope:   C12   Z =  6   N =  12   A =  12.00 g/mole   abundance:  98.93 %
         --->  Isotope:   C13   Z =  6   N =  13   A =  13.00 g/mole   abundance:   1.07 %
          ElmMassFraction:  72.13 %  ElmAbundance  58.04 % 

   --->  Element: Nitrogen (N2)   Z =  7.0   N =  14.0   A =  14.01 g/mole
         --->  Isotope:  N214   Z =  7   N =  14   A =  14.00 g/mole   abundance:  99.63 %
         --->  Isotope:  N215   Z =  7   N =  15   A =  15.00 g/mole   abundance:   0.37 %
          ElmMassFraction:   7.65 %  ElmAbundance   5.28 % 

   --->  Element: Oxygen (O2)   Z =  8.0   N =  16.0   A =  16.00 g/mole
         --->  Isotope:  O216   Z =  8   N =  16   A =  15.99 g/mole   abundance:  99.76 %
         --->  Isotope:  O217   Z =  8   N =  17   A =  17.00 g/mole   abundance:   0.04 %
         --->  Isotope:  O218   Z =  8   N =  18   A =  18.00 g/mole   abundance:   0.20 %
          ElmMassFraction:  17.49 %  ElmAbundance  10.56 % 



thickness is really 0.1
Checking overlaps for volume Kapton_cyl1 ... OK! 
Checking overlaps for volume Cu_cyl ... OK! 
G4WT0 > Running energy #7
G4WT3 > half_KA = 50.1, percentZ = 1
G4WT3 > e- from (0,-50.0998) in Kapton_cyl1 to (0.000629353,-50.1) in Kapton_cyl1.  Charge prop is 1. Net signal is 0.00232411
G4WT3 > half_KA = 50.1, percentZ = 1
G4WT3 > e- from (1.70782e-07,-50.0985) in Kapton_cyl1 to (0.0023038,-50.1) in Kapton_cyl1.  Charge prop is 1. Net signal is 0.0146097
G4WT2 > half_KA = 50.1, percentZ = 1
G4WT2 > e- from (0,-50.0999) in Kapton_cyl1 to (0.00529468,-50.1) in Kapton_cyl1.  Charge prop is 1. Net signal is 0.00054476
G4WT0 > Running energy #8
G4WT2 > half_KA = 50.1, percentZ = 1
G4WT2 > e- from (0,-50.0997) in Kapton_cyl1 to (0.00788983,-50.1) in Kapton_cyl1.  Charge prop is 1. Net signal is 0.00304319
G4WT1 > half_KA = 50.1, percentZ = 1
G4WT1 > e- from (0,-50.0988) in Kapton_cyl1 to (0.00148796,-50.1) in Kapton_cyl1.  Charge prop is 1. Net signal is 0.0119887
G4WT2 > half_KA = 50.1, percentZ = 0
G4WT2 > proton from (30.0988,-12.705) in Kapton_cyl1 to (30.1,-12.705) in Kapton_cyl1.  Charge prop is 1. Net signal is -0.011587
G4WT2 > half_KA = 50.1, percentZ = 1
G4WT2 > e- from (7.03979e-07,-50.095) in Kapton_cyl1 to (0.0155558,-50.1) in Kapton_cyl1.  Charge prop is 1. Net signal is 0.0502319
G4WT0 > Running energy #9
G4WT2 > half_KA = 50.1, percentZ = 1
G4WT2 > e- from (6.75458e-07,-50.0948) in Kapton_cyl1 to (0.0406355,-50.1) in Kapton_cyl1.  Charge prop is 1. Net signal is 0.0524301
G4WT3 > half_KA = 50.1, percentZ = 1
G4WT3 > e- from (0,-50.0987) in Kapton_cyl1 to (0.00365397,-50.1) in Kapton_cyl1.  Charge prop is 1. Net signal is 0.0132185
G4WT2 > half_KA = 50.1, percentZ = 1
G4WT2 > e- from (0,-50.0998) in Kapton_cyl1 to (0.000822115,-50.1) in Kapton_cyl1.  Charge prop is 1. Net signal is 0.0020348
G4WT0 > Running energy #10
G4WT0 > half_KA = 50.1, percentZ = 1
G4WT0 > proton from (4.64015,-50.0983) in Kapton_cyl1 to (4.6415,-50.1) in Kapton_cyl1.  Charge prop is 1. Net signal is -0.0167436
G4WT3 > half_KA = 50.1, percentZ = 0
G4WT3 > proton from (30.098,-42.5868) in Kapton_cyl1 to (30.1,-42.5856) in Kapton_cyl1.  Charge prop is 1. Net signal is -0.0203842
G4WT0 > half_KA = 50.1, percentZ = 1
G4WT0 > e- from (1.75324e-05,-50.0522) in Kapton_cyl1 to (0.0778487,-50.1) in Kapton_cyl1.  Charge prop is 1. Net signal is 0.478272
G4WT2 > half_KA = 50.1, percentZ = 0
G4WT2 > proton from (30.0959,-43.2705) in Kapton_cyl1 to (30.1,-43.2736) in Kapton_cyl1.  Charge prop is 1. Net signal is -0.0411037
G4WT0 > Running energy #11
G4WT2 > half_KA = 50.1, percentZ = 1
G4WT2 > proton from (24.151,-50.0977) in Kapton_cyl1 to (24.1514,-50.1) in Kapton_cyl1.  Charge prop is 1. Net signal is -0.0233026
G4WT1 > half_KA = 50.1, percentZ = 1
G4WT1 > e- from (5.09018e-08,-50.0979) in Kapton_cyl1 to (0.0171081,-50.1) in Kapton_cyl1.  Charge prop is 1. Net signal is 0.0210829
G4WT1 > half_KA = 50.1, percentZ = 1
G4WT1 > proton from (0.000274587,-49.8325) in Cu_cyl to (0.324508,-50.1) in Kapton_cyl1.  Charge prop is 1. Net signal is -1
G4WT0 > Running energy #12
G4WT1 > half_KA = 50.1, percentZ = 0
G4WT1 > proton from (30.0991,11.1111) in Kapton_cyl1 to (30.1,11.1121) in Kapton_cyl1.  Charge prop is 1. Net signal is -0.00888611
G4WT0 > half_KA = 50.1, percentZ = 0
G4WT0 > proton from (30.0852,-38.3667) in Kapton_cyl1 to (30.1,-38.3745) in Kapton_cyl1.  Charge prop is 1. Net signal is -0.148394
G4WT1 > half_KA = 50.1, percentZ = 1
G4WT1 > e- from (9.54487e-07,-50.0847) in Kapton_cyl1 to (0.0608709,-50.1) in Kapton_cyl1.  Charge prop is 1. Net signal is 0.152696
G4WT3 > half_KA = 50.1, percentZ = 1
G4WT3 > e- from (2.59149e-07,-50.0937) in Kapton_cyl1 to (0.0310497,-50.1) in Kapton_cyl1.  Charge prop is 1. Net signal is 0.0629509
G4WT0 > Running energy #13
G4WT3 > half_KA = 50.1, percentZ = 0
G4WT3 > proton from (30.0955,4.84318) in Kapton_cyl1 to (30.1,4.84066) in Kapton_cyl1.  Charge prop is 1. Net signal is -0.0453462
G4WT3 > half_KA = 50.1, percentZ = 0
G4WT3 > C12 from (30.0994,44.3541) in Kapton_cyl1 to (30.1,44.3546) in Kapton_cyl1.  Charge prop is 1. Net signal is -0.0381548
G4WT3 > half_KA = 50.1, percentZ = 1
G4WT3 > proton from (18.9345,50.093) in Kapton_cyl1 to (18.938,50.1) in Kapton_cyl1.  Charge prop is 1. Net signal is -0.0695815
G4WT3 > half_KA = 50.1, percentZ = 1
G4WT3 > e- from (8.1685e-08,-50.0983) in Kapton_cyl1 to (0.00383506,-50.1) in Kapton_cyl1.  Charge prop is 1. Net signal is 0.0174567
hadd Target file: data/rootData.root
hadd Source file 1: data/rootData_t0.root
hadd Source file 2: data/rootData_t1.root
hadd Source file 3: data/rootData_t2.root
hadd Source file 4: data/rootData_t3.root
hadd Sources and Target have different compression levels
hadd merging will be slower
hadd Target path: data/rootData.root:/
G4Material WARNING: duplicate name of material Vacuum
G4Material WARNING: duplicate name of material Kapton

***** Table : Nb of materials = 10 *****

 Material:    G4_Cu    density:  8.960 g/cm3   RadL:   1.436 cm   Nucl.Int.Length:  15.576 cm 
                       Imean: 322.000 eV 

   --->  Element: Cu (Cu)   Z = 29.0   N =  63.6   A =  63.55 g/mole
         --->  Isotope:  Cu63   Z = 29   N =  63   A =  62.93 g/mole   abundance:  69.17 %
         --->  Isotope:  Cu65   Z = 29   N =  65   A =  64.93 g/mole   abundance:  30.83 %
          ElmMassFraction: 100.00 %  ElmAbundance 100.00 % 


 Material:   G4_AIR    density:  1.205 mg/cm3  RadL: 303.921 m    Nucl.Int.Length: 710.137 m  
                       Imean:  85.700 eV   temperature: 293.15 K  pressure:   1.00 atm

   --->  Element: C (C)   Z =  6.0   N =  12.0   A =  12.01 g/mole
         --->  Isotope:   C12   Z =  6   N =  12   A =  12.00 g/mole   abundance:  98.93 %
         --->  Isotope:   C13   Z =  6   N =  13   A =  13.00 g/mole   abundance:   1.07 %
          ElmMassFraction:   0.01 %  ElmAbundance   0.02 % 

   --->  Element: N (N)   Z =  7.0   N =  14.0   A =  14.01 g/mole
         --->  Isotope:   N14   Z =  7   N =  14   A =  14.00 g/mole   abundance:  99.63 %
         --->  Isotope:   N15   Z =  7   N =  15   A =  15.00 g/mole   abundance:   0.37 %
          ElmMassFraction:  75.53 %  ElmAbundance  78.44 % 

   --->  Element: O (O)   Z =  8.0   N =  16.0   A =  16.00 g/mole
         --->  Isotope:   O16   Z =  8   N =  16   A =  15.99 g/mole   abundance:  99.76 %
         --->  Isotope:   O17   Z =  8   N =  17   A =  17.00 g/mole   abundance:   0.04 %
         --->  Isotope:   O18   Z =  8   N =  18   A =  18.00 g/mole   abundance:   0.20 %
          ElmMassFraction:  23.18 %  ElmAbundance  21.07 % 

   --->  Element: Ar (Ar)   Z = 18.0   N =  40.0   A =  39.95 g/mole
         --->  Isotope:  Ar36   Z = 18   N =  36   A =  35.97 g/mole   abundance:   0.34 %
         --->  Isotope:  Ar38   Z = 18   N =  38   A =  37.96 g/mole   abundance:   0.06 %
         --->  Isotope:  Ar40   Z = 18   N =  40   A =  39.96 g/mole   abundance:  99.60 %
          ElmMassFraction:   1.28 %  ElmAbundance   0.47 % 


 Material:   Vacuum    density:  0.000 kg/m3   RadL: 204727512.315 pc   Nucl.Int.Length: 113427275.267 pc 
                       Imean:  19.200 eV   temperature:   0.10 K  pressure:   0.00 atm

   --->  Element: H (H)   Z =  1.0   N =   1.0   A =   1.01 g/mole
         --->  Isotope:    H1   Z =  1   N =   1   A =   1.01 g/mole   abundance:  99.99 %
         --->  Isotope:    H2   Z =  1   N =   2   A =   2.01 g/mole   abundance:   0.01 %
          ElmMassFraction: 100.00 %  ElmAbundance 100.00 % 


 Material:   Kapton    density:  1.420 g/cm3   RadL:  28.805 cm   Nucl.Int.Length:  55.587 cm 
                       Imean:  77.223 eV 

   --->  Element: Hydrogen (H2)   Z =  1.0   N =   1.0   A =   1.01 g/mole
         --->  Isotope:   H21   Z =  1   N =   1   A =   1.01 g/mole   abundance:  99.99 %
         --->  Isotope:   H22   Z =  1   N =   2   A =   2.01 g/mole   abundance:   0.01 %
          ElmMassFraction:   2.73 %  ElmAbundance  26.12 % 

   --->  Element: Carbon (C)   Z =  6.0   N =  12.0   A =  12.01 g/mole
         --->  Isotope:   C12   Z =  6   N =  12   A =  12.00 g/mole   abundance:  98.93 %
         --->  Isotope:   C13   Z =  6   N =  13   A =  13.00 g/mole   abundance:   1.07 %
          ElmMassFraction:  72.13 %  ElmAbundance  58.04 % 

   --->  Element: Nitrogen (N2)   Z =  7.0   N =  14.0   A =  14.01 g/mole
         --->  Isotope:  N214   Z =  7   N =  14   A =  14.00 g/mole   abundance:  99.63 %
         --->  Isotope:  N215   Z =  7   N =  15   A =  15.00 g/mole   abundance:   0.37 %
          ElmMassFraction:   7.65 %  ElmAbundance   5.28 % 

   --->  Element: Oxygen (O2)   Z =  8.0   N =  16.0   A =  16.00 g/mole
         --->  Isotope:  O216   Z =  8   N =  16   A =  15.99 g/mole   abundance:  99.76 %
         --->  Isotope:  O217   Z =  8   N =  17   A =  17.00 g/mole   abundance:   0.04 %
         --->  Isotope:  O218   Z =  8   N =  18   A =  18.00 g/mole   abundance:   0.20 %
          ElmMassFraction:  17.49 %  ElmAbundance  10.56 % 


 Material:   Vacuum    density:  0.000 kg/m3   RadL: 204727512.315 pc   Nucl.Int.Length: 113427275.267 pc 
                       Imean:  19.200 eV   temperature:   0.10 K  pressure:   0.00 atm

   --->  Element: H (H)   Z =  1.0   N =   1.0   A =   1.01 g/mole
         --->  Isotope:    H1   Z =  1   N =   1   A =   1.01 g/mole   abundance:  99.99 %
         --->  Isotope:    H2   Z =  1   N =   2   A =   2.01 g/mole   abundance:   0.01 %
          ElmMassFraction: 100.00 %  ElmAbundance 100.00 % 


 Material:   Kapton    density:  1.420 g/cm3   RadL:  28.805 cm   Nucl.Int.Length:  55.587 cm 
                       Imean:  77.223 eV 

   --->  Element: Hydrogen (H2)   Z =  1.0   N =   1.0   A =   1.01 g/mole
         --->  Isotope:   H21   Z =  1   N =   1   A =   1.01 g/mole   abundance:  99.99 %
         --->  Isotope:   H22   Z =  1   N =   2   A =   2.01 g/mole   abundance:   0.01 %
          ElmMassFraction:   2.73 %  ElmAbundance  26.12 % 

   --->  Element: Carbon (C)   Z =  6.0   N =  12.0   A =  12.01 g/mole
         --->  Isotope:   C12   Z =  6   N =  12   A =  12.00 g/mole   abundance:  98.93 %
         --->  Isotope:   C13   Z =  6   N =  13   A =  13.00 g/mole   abundance:   1.07 %
          ElmMassFraction:  72.13 %  ElmAbundance  58.04 % 

   --->  Element: Nitrogen (N2)   Z =  7.0   N =  14.0   A =  14.01 g/mole
         --->  Isotope:  N214   Z =  7   N =  14   A =  14.00 g/mole   abundance:  99.63 %
         --->  Isotope:  N215   Z =  7   N =  15   A =  15.00 g/mole   abundance:   0.37 %
          ElmMassFraction:   7.65 %  ElmAbundance   5.28 % 

   --->  Element: Oxygen (O2)   Z =  8.0   N =  16.0   A =  16.00 g/mole
         --->  Isotope:  O216   Z =  8   N =  16   A =  15.99 g/mole   abundance:  99.76 %
         --->  Isotope:  O217   Z =  8   N =  17   A =  17.00 g/mole   abundance:   0.04 %
         --->  Isotope:  O218   Z =  8   N =  18   A =  18.00 g/mole   abundance:   0.20 %
          ElmMassFraction:  17.49 %  ElmAbundance  10.56 % 


 Material:   Vacuum    density:  0.000 kg/m3   RadL: 204727512.315 pc   Nucl.Int.Length: 113427275.267 pc 
                       Imean:  19.200 eV   temperature:   0.10 K  pressure:   0.00 atm

   --->  Element: H (H)   Z =  1.0   N =   1.0   A =   1.01 g/mole
         --->  Isotope:    H1   Z =  1   N =   1   A =   1.01 g/mole   abundance:  99.99 %
         --->  Isotope:    H2   Z =  1   N =   2   A =   2.01 g/mole   abundance:   0.01 %
          ElmMassFraction: 100.00 %  ElmAbundance 100.00 % 


 Material:   Kapton    density:  1.420 g/cm3   RadL:  28.805 cm   Nucl.Int.Length:  55.587 cm 
                       Imean:  77.223 eV 

   --->  Element: Hydrogen (H2)   Z =  1.0   N =   1.0   A =   1.01 g/mole
         --->  Isotope:   H21   Z =  1   N =   1   A =   1.01 g/mole   abundance:  99.99 %
         --->  Isotope:   H22   Z =  1   N =   2   A =   2.01 g/mole   abundance:   0.01 %
          ElmMassFraction:   2.73 %  ElmAbundance  26.12 % 

   --->  Element: Carbon (C)   Z =  6.0   N =  12.0   A =  12.01 g/mole
         --->  Isotope:   C12   Z =  6   N =  12   A =  12.00 g/mole   abundance:  98.93 %
         --->  Isotope:   C13   Z =  6   N =  13   A =  13.00 g/mole   abundance:   1.07 %
          ElmMassFraction:  72.13 %  ElmAbundance  58.04 % 

   --->  Element: Nitrogen (N2)   Z =  7.0   N =  14.0   A =  14.01 g/mole
         --->  Isotope:  N214   Z =  7   N =  14   A =  14.00 g/mole   abundance:  99.63 %
         --->  Isotope:  N215   Z =  7   N =  15   A =  15.00 g/mole   abundance:   0.37 %
          ElmMassFraction:   7.65 %  ElmAbundance   5.28 % 

   --->  Element: Oxygen (O2)   Z =  8.0   N =  16.0   A =  16.00 g/mole
         --->  Isotope:  O216   Z =  8   N =  16   A =  15.99 g/mole   abundance:  99.76 %
         --->  Isotope:  O217   Z =  8   N =  17   A =  17.00 g/mole   abundance:   0.04 %
         --->  Isotope:  O218   Z =  8   N =  18   A =  18.00 g/mole   abundance:   0.20 %
          ElmMassFraction:  17.49 %  ElmAbundance  10.56 % 


 Material:   Vacuum    density:  0.000 kg/m3   RadL: 204727512.315 pc   Nucl.Int.Length: 113427275.267 pc 
                       Imean:  19.200 eV   temperature:   0.10 K  pressure:   0.00 atm

   --->  Element: H (H)   Z =  1.0   N =   1.0   A =   1.01 g/mole
         --->  Isotope:    H1   Z =  1   N =   1   A =   1.01 g/mole   abundance:  99.99 %
         --->  Isotope:    H2   Z =  1   N =   2   A =   2.01 g/mole   abundance:   0.01 %
          ElmMassFraction: 100.00 %  ElmAbundance 100.00 % 


 Material:   Kapton    density:  1.420 g/cm3   RadL:  28.805 cm   Nucl.Int.Length:  55.587 cm 
                       Imean:  77.223 eV 

   --->  Element: Hydrogen (H2)   Z =  1.0   N =   1.0   A =   1.01 g/mole
         --->  Isotope:   H21   Z =  1   N =   1   A =   1.01 g/mole   abundance:  99.99 %
         --->  Isotope:   H22   Z =  1   N =   2   A =   2.01 g/mole   abundance:   0.01 %
          ElmMassFraction:   2.73 %  ElmAbundance  26.12 % 

   --->  Element: Carbon (C)   Z =  6.0   N =  12.0   A =  12.01 g/mole
         --->  Isotope:   C12   Z =  6   N =  12   A =  12.00 g/mole   abundance:  98.93 %
         --->  Isotope:   C13   Z =  6   N =  13   A =  13.00 g/mole   abundance:   1.07 %
          ElmMassFraction:  72.13 %  ElmAbundance  58.04 % 

   --->  Element: Nitrogen (N2)   Z =  7.0   N =  14.0   A =  14.01 g/mole
         --->  Isotope:  N214   Z =  7   N =  14   A =  14.00 g/mole   abundance:  99.63 %
         --->  Isotope:  N215   Z =  7   N =  15   A =  15.00 g/mole   abundance:   0.37 %
          ElmMassFraction:   7.65 %  ElmAbundance   5.28 % 

   --->  Element: Oxygen (O2)   Z =  8.0   N =  16.0   A =  16.00 g/mole
         --->  Isotope:  O216   Z =  8   N =  16   A =  15.99 g/mole   abundance:  99.76 %
         --->  Isotope:  O217   Z =  8   N =  17   A =  17.00 g/mole   abundance:   0.04 %
         --->  Isotope:  O218   Z =  8   N =  18   A =  18.00 g/mole   abundance:   0.20 %
          ElmMassFraction:  17.49 %  ElmAbundance  10.56 % 



thickness is really 0.2
Checking overlaps for volume Kapton_cyl1 ... OK! 
Checking overlaps for volume Cu_cyl ... OK! 
G4WT0 > Running energy #14
G4WT0 > Running energy #15
G4WT0 > half_KA = 50.2, percentZ = 1
G4WT0 > e- from (0,-50.1993) in Kapton_cyl1 to (0.00754693,-50.2) in Kapton_cyl1.  Charge prop is 1. Net signal is 0.00369065
G4WT0 > Running energy #16
G4WT2 > half_KA = 50.2, percentZ = 1
G4WT2 > proton from (15.8633,-50.1982) in Kapton_cyl1 to (15.8643,-50.2) in Kapton_cyl1.  Charge prop is 1. Net signal is -0.00900882
G4WT1 > half_KA = 50.2, percentZ = 1
G4WT1 > e- from (0,-50.1995) in Kapton_cyl1 to (0.000514498,-50.2) in Kapton_cyl1.  Charge prop is 1. Net signal is 0.00262097
G4WT0 > Running energy #17
G4WT0 > half_KA = 50.2, percentZ = 0
G4WT0 > proton from (30.1956,-9.45854) in Kapton_cyl1 to (30.2,-9.45586) in Kapton_cyl1.  Charge prop is 1. Net signal is -0.0221169
G4WT2 > half_KA = 50.2, percentZ = 1
G4WT2 > proton from (0.00234773,-49.5833) in Cu_cyl to (1.20237,-50.2) in Kapton_cyl1.  Charge prop is 1. Net signal is -1
G4WT0 > Running energy #18
G4WT2 > half_KA = 50.2, percentZ = 1
G4WT2 > e- from (4.7209e-06,-50.1789) in Kapton_cyl1 to (0.0175646,-50.2) in Kapton_cyl1.  Charge prop is 1. Net signal is 0.105483
G4WT1 > half_KA = 50.2, percentZ = 0
G4WT1 > proton from (30.1982,-13.5171) in Kapton_cyl1 to (30.2,-13.5161) in Kapton_cyl1.  Charge prop is 1. Net signal is -0.00922765
G4WT0 > half_KA = 50.2, percentZ = 1
G4WT0 > proton from (8.9414e-05,-49.977) in Cu_cyl to (0.140532,-50.2) in Kapton_cyl1.  Charge prop is 1. Net signal is -1
G4WT0 > Running energy #19
G4WT0 > Running energy #20
G4WT1 > half_KA = 50.2, percentZ = 0
G4WT1 > proton from (30.1981,24.6074) in Kapton_cyl1 to (30.2,24.6087) in Kapton_cyl1.  Charge prop is 1. Net signal is -0.00949242
G4WT2 > half_KA = 50.2, percentZ = 1
G4WT2 > proton from (0.0063765,-47.9809) in Cu_cyl to (3.48581,-50.2) in Kapton_cyl1.  Charge prop is 1. Net signal is -1
G4WT0 > half_KA = 50.2, percentZ = 1
G4WT0 > proton from (3.85947,-50.1919) in Kapton_cyl1 to (3.86002,-50.2) in Kapton_cyl1.  Charge prop is 1. Net signal is -0.0404882
hadd Target file: data/rootData.root
hadd Source file 1: data/rootData_t0.root
hadd Source file 2: data/rootData_t1.root
hadd Source file 3: data/rootData_t2.root
hadd Source file 4: data/rootData_t3.root
hadd Sources and Target have different compression levels
hadd merging will be slower
hadd Target path: data/rootData.root:/
Graphics systems deleted.
Visualization Manager deleting...
