This is pdfTeX, Version 3.1415926-2.4-1.40.13 (TeX Live 2012/Debian) (format=pdflatex 2014.6.5)  30 APR 2015 16:53
entering extended mode
 restricted \write18 enabled.
 %&-line parsing enabled.
**whitepaper.tex
(./whitepaper.tex
LaTeX2e <2011/06/27>
Babel <v3.8m> and hyphenation patterns for english, dumylang, nohyphenation, lo
aded.
(/usr/share/texlive/texmf-dist/tex/latex/base/article.cls
Document Class: article 2007/10/19 v1.4h Standard LaTeX document class
(/usr/share/texlive/texmf-dist/tex/latex/base/size10.clo
File: size10.clo 2007/10/19 v1.4h Standard LaTeX file (size option)
)
\c@part=\count79
\c@section=\count80
\c@subsection=\count81
\c@subsubsection=\count82
\c@paragraph=\count83
\c@subparagraph=\count84
\c@figure=\count85
\c@table=\count86
\abovecaptionskip=\skip41
\belowcaptionskip=\skip42
\bibindent=\dimen102
)
(/usr/share/texlive/texmf-dist/tex/latex/amsmath/amsmath.sty
Package: amsmath 2000/07/18 v2.13 AMS math features
\@mathmargin=\skip43

For additional information on amsmath, use the `?' option.
(/usr/share/texlive/texmf-dist/tex/latex/amsmath/amstext.sty
Package: amstext 2000/06/29 v2.01

(/usr/share/texlive/texmf-dist/tex/latex/amsmath/amsgen.sty
File: amsgen.sty 1999/11/30 v2.0
\@emptytoks=\toks14
\ex@=\dimen103
))
(/usr/share/texlive/texmf-dist/tex/latex/amsmath/amsbsy.sty
Package: amsbsy 1999/11/29 v1.2d
\pmbraise@=\dimen104
)
(/usr/share/texlive/texmf-dist/tex/latex/amsmath/amsopn.sty
Package: amsopn 1999/12/14 v2.01 operator names
)
\inf@bad=\count87
LaTeX Info: Redefining \frac on input line 211.
\uproot@=\count88
\leftroot@=\count89
LaTeX Info: Redefining \overline on input line 307.
\classnum@=\count90
\DOTSCASE@=\count91
LaTeX Info: Redefining \ldots on input line 379.
LaTeX Info: Redefining \dots on input line 382.
LaTeX Info: Redefining \cdots on input line 467.
\Mathstrutbox@=\box26
\strutbox@=\box27
\big@size=\dimen105
LaTeX Font Info:    Redeclaring font encoding OML on input line 567.
LaTeX Font Info:    Redeclaring font encoding OMS on input line 568.
\macc@depth=\count92
\c@MaxMatrixCols=\count93
\dotsspace@=\muskip10
\c@parentequation=\count94
\dspbrk@lvl=\count95
\tag@help=\toks15
\row@=\count96
\column@=\count97
\maxfields@=\count98
\andhelp@=\toks16
\eqnshift@=\dimen106
\alignsep@=\dimen107
\tagshift@=\dimen108
\tagwidth@=\dimen109
\totwidth@=\dimen110
\lineht@=\dimen111
\@envbody=\toks17
\multlinegap=\skip44
\multlinetaggap=\skip45
\mathdisplay@stack=\toks18
LaTeX Info: Redefining \[ on input line 2666.
LaTeX Info: Redefining \] on input line 2667.
)
(/usr/share/texlive/texmf-dist/tex/latex/amsfonts/amssymb.sty
Package: amssymb 2009/06/22 v3.00

(/usr/share/texlive/texmf-dist/tex/latex/amsfonts/amsfonts.sty
Package: amsfonts 2009/06/22 v3.00 Basic AMSFonts support
\symAMSa=\mathgroup4
\symAMSb=\mathgroup5
LaTeX Font Info:    Overwriting math alphabet `\mathfrak' in version `bold'
(Font)                  U/euf/m/n --> U/euf/b/n on input line 96.
))
(/usr/share/texlive/texmf-dist/tex/latex/units/nicefrac.sty
Package: nicefrac 1998/08/04 v0.9b Nice fractions
\L@UnitsRaiseDisplaystyle=\skip46
\L@UnitsRaiseTextstyle=\skip47
\L@UnitsRaiseScriptstyle=\skip48

(/usr/share/texlive/texmf-dist/tex/latex/base/ifthen.sty
Package: ifthen 2001/05/26 v1.1c Standard LaTeX ifthen package (DPC)
))
(/usr/share/texlive/texmf-dist/tex/latex/cancel/cancel.sty
Package: cancel 2000/03/12 v2.1 Cancel math terms
)
(/usr/share/texlive/texmf-dist/tex/latex/anysize/anysize.sty
Package: anysize 1994/08/13 setting margin sizes

document style option `anysize' loaded
Michael Salzenberg, Thomas Esser, Dirk Hillbrecht
Version 1.0, Aug 13, 1994
\@Leftmargin=\dimen112
\@Rightmargin=\dimen113
\@Topmargin=\dimen114
\@Bottommargin=\dimen115
) (/usr/share/texlive/texmf-dist/tex/latex/graphics/graphicx.sty
Package: graphicx 1999/02/16 v1.0f Enhanced LaTeX Graphics (DPC,SPQR)

(/usr/share/texlive/texmf-dist/tex/latex/graphics/keyval.sty
Package: keyval 1999/03/16 v1.13 key=value parser (DPC)
\KV@toks@=\toks19
)
(/usr/share/texlive/texmf-dist/tex/latex/graphics/graphics.sty
Package: graphics 2009/02/05 v1.0o Standard LaTeX Graphics (DPC,SPQR)

(/usr/share/texlive/texmf-dist/tex/latex/graphics/trig.sty
Package: trig 1999/03/16 v1.09 sin cos tan (DPC)
)
(/usr/share/texlive/texmf-dist/tex/latex/latexconfig/graphics.cfg
File: graphics.cfg 2010/04/23 v1.9 graphics configuration of TeX Live
)
Package graphics Info: Driver file: pdftex.def on input line 91.

(/usr/share/texlive/texmf-dist/tex/latex/pdftex-def/pdftex.def
File: pdftex.def 2011/05/27 v0.06d Graphics/color for pdfTeX

(/usr/share/texlive/texmf-dist/tex/generic/oberdiek/infwarerr.sty
Package: infwarerr 2010/04/08 v1.3 Providing info/warning/error messages (HO)
)
(/usr/share/texlive/texmf-dist/tex/generic/oberdiek/ltxcmds.sty
Package: ltxcmds 2011/11/09 v1.22 LaTeX kernel commands for general use (HO)
)
\Gread@gobject=\count99
))
\Gin@req@height=\dimen116
\Gin@req@width=\dimen117
)
(/usr/share/texlive/texmf-dist/tex/latex/float/float.sty
Package: float 2001/11/08 v1.3d Float enhancements (AL)
\c@float@type=\count100
\float@exts=\toks20
\float@box=\box28
\@float@everytoks=\toks21
\@floatcapt=\box29
)
(/usr/share/texlive/texmf-dist/tex/latex/subfigure/subfigure.sty
Package: subfigure 2002/03/15 v2.1.5 subfigure package
\subfigtopskip=\skip49
\subfigcapskip=\skip50
\subfigcaptopadj=\dimen118
\subfigbottomskip=\skip51
\subfigcapmargin=\dimen119
\subfiglabelskip=\skip52
\c@subfigure=\count101
\c@lofdepth=\count102
\c@subtable=\count103
\c@lotdepth=\count104

****************************************
* Local config file subfigure.cfg used *
****************************************
(/usr/share/texlive/texmf-dist/tex/latex/subfigure/subfigure.cfg)
\subfig@top=\skip53
\subfig@bottom=\skip54
)
(./whitepaper.aux)
\openout1 = `whitepaper.aux'.

LaTeX Font Info:    Checking defaults for OML/cmm/m/it on input line 14.
LaTeX Font Info:    ... okay on input line 14.
LaTeX Font Info:    Checking defaults for T1/cmr/m/n on input line 14.
LaTeX Font Info:    ... okay on input line 14.
LaTeX Font Info:    Checking defaults for OT1/cmr/m/n on input line 14.
LaTeX Font Info:    ... okay on input line 14.
LaTeX Font Info:    Checking defaults for OMS/cmsy/m/n on input line 14.
LaTeX Font Info:    ... okay on input line 14.
LaTeX Font Info:    Checking defaults for OMX/cmex/m/n on input line 14.
LaTeX Font Info:    ... okay on input line 14.
LaTeX Font Info:    Checking defaults for U/cmr/m/n on input line 14.
LaTeX Font Info:    ... okay on input line 14.

(/usr/share/texlive/texmf-dist/tex/context/base/supp-pdf.mkii
[Loading MPS to PDF converter (version 2006.09.02).]
\scratchcounter=\count105
\scratchdimen=\dimen120
\scratchbox=\box30
\nofMPsegments=\count106
\nofMParguments=\count107
\everyMPshowfont=\toks22
\MPscratchCnt=\count108
\MPscratchDim=\dimen121
\MPnumerator=\count109
\makeMPintoPDFobject=\count110
\everyMPtoPDFconversion=\toks23
) (/usr/share/texlive/texmf-dist/tex/generic/oberdiek/pdftexcmds.sty
Package: pdftexcmds 2011/11/29 v0.20 Utility functions of pdfTeX for LuaTeX (HO
)

(/usr/share/texlive/texmf-dist/tex/generic/oberdiek/ifluatex.sty
Package: ifluatex 2010/03/01 v1.3 Provides the ifluatex switch (HO)
Package ifluatex Info: LuaTeX not detected.
)
(/usr/share/texlive/texmf-dist/tex/generic/oberdiek/ifpdf.sty
Package: ifpdf 2011/01/30 v2.3 Provides the ifpdf switch (HO)
Package ifpdf Info: pdfTeX in PDF mode is detected.
)
Package pdftexcmds Info: LuaTeX not detected.
Package pdftexcmds Info: \pdf@primitive is available.
Package pdftexcmds Info: \pdf@ifprimitive is available.
Package pdftexcmds Info: \pdfdraftmode found.
)
(/usr/share/texlive/texmf-dist/tex/latex/oberdiek/epstopdf-base.sty
Package: epstopdf-base 2010/02/09 v2.5 Base part for package epstopdf

(/usr/share/texlive/texmf-dist/tex/latex/oberdiek/grfext.sty
Package: grfext 2010/08/19 v1.1 Manage graphics extensions (HO)

(/usr/share/texlive/texmf-dist/tex/generic/oberdiek/kvdefinekeys.sty
Package: kvdefinekeys 2011/04/07 v1.3 Define keys (HO)
))
(/usr/share/texlive/texmf-dist/tex/latex/oberdiek/kvoptions.sty
Package: kvoptions 2011/06/30 v3.11 Key value format for package options (HO)

(/usr/share/texlive/texmf-dist/tex/generic/oberdiek/kvsetkeys.sty
Package: kvsetkeys 2012/04/25 v1.16 Key value parser (HO)

(/usr/share/texlive/texmf-dist/tex/generic/oberdiek/etexcmds.sty
Package: etexcmds 2011/02/16 v1.5 Avoid name clashes with e-TeX commands (HO)
Package etexcmds Info: Could not find \expanded.
(etexcmds)             That can mean that you are not using pdfTeX 1.50 or
(etexcmds)             that some package has redefined \expanded.
(etexcmds)             In the latter case, load this package earlier.
)))
Package grfext Info: Graphics extension search list:
(grfext)             [.png,.pdf,.jpg,.mps,.jpeg,.jbig2,.jb2,.PNG,.PDF,.JPG,.JPE
G,.JBIG2,.JB2,.eps]
(grfext)             \AppendGraphicsExtensions on input line 452.

(/usr/share/texlive/texmf-dist/tex/latex/latexconfig/epstopdf-sys.cfg
File: epstopdf-sys.cfg 2010/07/13 v1.3 Configuration of (r)epstopdf for TeX Liv
e
))
LaTeX Font Info:    Try loading font information for U+msa on input line 15.

(/usr/share/texlive/texmf-dist/tex/latex/amsfonts/umsa.fd
File: umsa.fd 2009/06/22 v3.00 AMS symbols A
)
LaTeX Font Info:    Try loading font information for U+msb on input line 15.

(/usr/share/texlive/texmf-dist/tex/latex/amsfonts/umsb.fd
File: umsb.fd 2009/06/22 v3.00 AMS symbols B
)
Underfull \hbox (badness 10000) in paragraph at lines 21--22

 []

<figures/fig_error_diameter.png, id=1, 690.58pt x 686.565pt>
File: figures/fig_error_diameter.png Graphic file (type png)

<use figures/fig_error_diameter.png>
Package pdftex.def Info: figures/fig_error_diameter.png used on input line 27.
(pdftex.def)             Requested size: 433.62pt x 431.10301pt.
 [1

{/var/lib/texmf/fonts/map/pdftex/updmap/pdftex.map}] [2 <./figures/fig_error_di
ameter.png (PNG copy)>]
<figures/fig_G4_results_vac.png, id=15, 642.4pt x 481.8pt>
File: figures/fig_G4_results_vac.png Graphic file (type png)

<use figures/fig_G4_results_vac.png>
Package pdftex.def Info: figures/fig_G4_results_vac.png used on input line 39.
(pdftex.def)             Requested size: 361.34999pt x 271.01918pt.

<figures/Cu_KA_vac/S59/WorldtoKA.png, id=16, 760.8425pt x 542.025pt>
File: figures/Cu_KA_vac/S59/WorldtoKA.png Graphic file (type png)

<use figures/Cu_KA_vac/S59/WorldtoKA.png>
Package pdftex.def Info: figures/Cu_KA_vac/S59/WorldtoKA.png used on input line
 48.
(pdftex.def)             Requested size: 433.62pt x 308.91609pt.
 [3 <./figures/fig_G4_results_vac.png>] <figures/Cu_KA_vac/S59/KAtoCu.png, id=2
1, 760.8425pt x 542.025pt>
File: figures/Cu_KA_vac/S59/KAtoCu.png Graphic file (type png)

<use figures/Cu_KA_vac/S59/KAtoCu.png>
Package pdftex.def Info: figures/Cu_KA_vac/S59/KAtoCu.png used on input line 55
.
(pdftex.def)             Requested size: 433.62pt x 308.91609pt.
 [4 <./figures/Cu_KA_vac/S59/WorldtoKA.png>] <figures/Cu_KA_vac/S59/CutoKA.png,
 id=25, 760.8425pt x 542.025pt>
File: figures/Cu_KA_vac/S59/CutoKA.png Graphic file (type png)

<use figures/Cu_KA_vac/S59/CutoKA.png>
Package pdftex.def Info: figures/Cu_KA_vac/S59/CutoKA.png used on input line 62
.
(pdftex.def)             Requested size: 433.62pt x 308.91609pt.
 [5 <./figures/Cu_KA_vac/S59/KAtoCu.png>] <figures/Cu_KA_AgKA_vac/S59/WorldtoKA
.png, id=29, 760.8425pt x 542.025pt>
File: figures/Cu_KA_AgKA_vac/S59/WorldtoKA.png Graphic file (type png)

<use figures/Cu_KA_AgKA_vac/S59/WorldtoKA.png>
Package pdftex.def Info: figures/Cu_KA_AgKA_vac/S59/WorldtoKA.png used on input
 line 69.
(pdftex.def)             Requested size: 433.62pt x 308.91609pt.
 [6 <./figures/Cu_KA_vac/S59/CutoKA.png>]
<figures/Cu_KA_AgKA_vac/S59/KAtoCu.png, id=33, 760.8425pt x 542.025pt>
File: figures/Cu_KA_AgKA_vac/S59/KAtoCu.png Graphic file (type png)

<use figures/Cu_KA_AgKA_vac/S59/KAtoCu.png>
Package pdftex.def Info: figures/Cu_KA_AgKA_vac/S59/KAtoCu.png used on input li
ne 76.
(pdftex.def)             Requested size: 433.62pt x 308.91609pt.
 [7 <./figures/Cu_KA_AgKA_vac/S59/WorldtoKA.png>]
<figures/Cu_KA_AgKA_vac/S59/CutoKA.png, id=38, 760.8425pt x 542.025pt>
File: figures/Cu_KA_AgKA_vac/S59/CutoKA.png Graphic file (type png)

<use figures/Cu_KA_AgKA_vac/S59/CutoKA.png>
Package pdftex.def Info: figures/Cu_KA_AgKA_vac/S59/CutoKA.png used on input li
ne 83.
(pdftex.def)             Requested size: 433.62pt x 308.91609pt.
 [8 <./figures/Cu_KA_AgKA_vac/S59/KAtoCu.png>] [9 <./figures/Cu_KA_AgKA_vac/S59
/CutoKA.png>]
<figures/fig_G4_results_air.png, id=45, 642.4pt x 481.8pt>
File: figures/fig_G4_results_air.png Graphic file (type png)

<use figures/fig_G4_results_air.png>
Package pdftex.def Info: figures/fig_G4_results_air.png used on input line 95.
(pdftex.def)             Requested size: 361.34999pt x 271.01918pt.

Underfull \hbox (badness 10000) in paragraph at lines 100--101

 []

<figures/Cu_KA/S59/WorldtoKA.png, id=46, 760.8425pt x 542.025pt>
File: figures/Cu_KA/S59/WorldtoKA.png Graphic file (type png)

<use figures/Cu_KA/S59/WorldtoKA.png>
Package pdftex.def Info: figures/Cu_KA/S59/WorldtoKA.png used on input line 106
.
(pdftex.def)             Requested size: 433.62pt x 308.91609pt.
 [10 <./figures/fig_G4_results_air.png>]
<figures/Cu_KA/S59/KAtoCu.png, id=51, 760.8425pt x 542.025pt>
File: figures/Cu_KA/S59/KAtoCu.png Graphic file (type png)

<use figures/Cu_KA/S59/KAtoCu.png>
Package pdftex.def Info: figures/Cu_KA/S59/KAtoCu.png used on input line 113.
(pdftex.def)             Requested size: 433.62pt x 308.91609pt.
 [11 <./figures/Cu_KA/S59/WorldtoKA.png>]
<figures/Cu_KA/S59/CutoKA.png, id=55, 760.8425pt x 542.025pt>
File: figures/Cu_KA/S59/CutoKA.png Graphic file (type png)

<use figures/Cu_KA/S59/CutoKA.png>
Package pdftex.def Info: figures/Cu_KA/S59/CutoKA.png used on input line 120.
(pdftex.def)             Requested size: 433.62pt x 308.91609pt.
 [12 <./figures/Cu_KA/S59/KAtoCu.png>]
<figures/Cu_KA_AgKA/S59/WorldtoKA.png, id=59, 760.8425pt x 542.025pt>
File: figures/Cu_KA_AgKA/S59/WorldtoKA.png Graphic file (type png)

<use figures/Cu_KA_AgKA/S59/WorldtoKA.png>
Package pdftex.def Info: figures/Cu_KA_AgKA/S59/WorldtoKA.png used on input lin
e 127.
(pdftex.def)             Requested size: 433.62pt x 308.91609pt.
 [13 <./figures/Cu_KA/S59/CutoKA.png>] <figures/Cu_KA_AgKA/S59/KAtoCu.png, id=6
4, 760.8425pt x 542.025pt>
File: figures/Cu_KA_AgKA/S59/KAtoCu.png Graphic file (type png)

<use figures/Cu_KA_AgKA/S59/KAtoCu.png>
Package pdftex.def Info: figures/Cu_KA_AgKA/S59/KAtoCu.png used on input line 1
34.
(pdftex.def)             Requested size: 433.62pt x 308.91609pt.
 [14 <./figures/Cu_KA_AgKA/S59/WorldtoKA.png>] <figures/Cu_KA_AgKA/S59/CutoKA.p
ng, id=68, 760.8425pt x 542.025pt>
File: figures/Cu_KA_AgKA/S59/CutoKA.png Graphic file (type png)

<use figures/Cu_KA_AgKA/S59/CutoKA.png>
Package pdftex.def Info: figures/Cu_KA_AgKA/S59/CutoKA.png used on input line 1
41.
(pdftex.def)             Requested size: 433.62pt x 308.91609pt.
 [15 <./figures/Cu_KA_AgKA/S59/KAtoCu.png>] <figures/fig_G4_results.png, id=72,
 642.4pt x 481.8pt>
File: figures/fig_G4_results.png Graphic file (type png)

<use figures/fig_G4_results.png>
Package pdftex.def Info: figures/fig_G4_results.png used on input line 148.
(pdftex.def)             Requested size: 361.34999pt x 271.01918pt.
 [16 <./figures/Cu_KA_AgKA/S59/CutoKA.png>]
<figures/fig_HIT_results.png, id=76, 642.4pt x 481.8pt>
File: figures/fig_HIT_results.png Graphic file (type png)

<use figures/fig_HIT_results.png>
Package pdftex.def Info: figures/fig_HIT_results.png used on input line 155.
(pdftex.def)             Requested size: 433.62pt x 325.223pt.
 [17 <./figures/fig_G4_results.png>] [18 <./figures/fig_HIT_results.png>] (./wh
itepaper.aux) ) 
Here is how much of TeX's memory you used:
 2791 strings out of 495059
 38706 string characters out of 3182031
 90762 words of memory out of 3000000
 5911 multiletter control sequences out of 15000+200000
 9535 words of font info for 36 fonts, out of 3000000 for 9000
 14 hyphenation exceptions out of 8191
 38i,6n,24p,864b,225s stack positions out of 5000i,500n,10000p,200000b,50000s
</usr/share/texlive/texmf-dist/fonts/type1/public/amsfonts/cm/cm
bx12.pfb></usr/share/texlive/texmf-dist/fonts/type1/public/amsfonts/cm/cmr10.pf
b></usr/share/texlive/texmf-dist/fonts/type1/public/amsfonts/cm/cmr12.pfb></usr
/share/texlive/texmf-dist/fonts/type1/public/amsfonts/cm/cmr17.pfb></usr/share/
texlive/texmf-dist/fonts/type1/public/amsfonts/cm/cmti10.pfb>
Output written on whitepaper.pdf (18 pages, 267238 bytes).
PDF statistics:
 103 PDF objects out of 1000 (max. 8388607)
 56 compressed objects within 1 object stream
 0 named destinations out of 1000 (max. 500000)
 86 words of extra memory for PDF output out of 10000 (max. 10000000)

